2025-07-18 15:55:24,083 - trading_system - ERROR - 设置杠杆失败: APIError(code=-2015): Invalid API-key, IP, or permissions for action
2025-07-18 15:55:24,329 - trading_system - ERROR - 设置杠杆失败: APIError(code=-2015): Invalid API-key, IP, or permissions for action
2025-07-18 15:55:24,518 - trading_system - ERROR - 设置杠杆失败: APIError(code=-2015): Invalid API-key, IP, or permissions for action
2025-07-18 15:55:24,519 - trading_system - INFO - 程序正在运行，按Ctrl+C退出...
2025-07-18 15:55:24,709 - trading_system - INFO - [CRVUSDT] 当前RSI: 44.36, 价格: 1.0313
2025-07-18 15:55:25,134 - trading_system - INFO - [ACHUSDT] 当前RSI: 27.27, 价格: 0.0236
2025-07-18 15:55:25,448 - trading_system - INFO - [ONDOUSDT] 当前RSI: 27.50, 价格: 1.0537
2025-07-18 15:55:28,172 - trading_system - INFO - [ONDOUSDT] 当前RSI: 27.50, 价格: 1.0537
2025-07-18 15:55:28,177 - trading_system - INFO - [CRVUSDT] 当前RSI: 45.42, 价格: 1.0321
2025-07-18 15:55:28,186 - trading_system - INFO - [ACHUSDT] 当前RSI: 26.80, 价格: 0.02359
2025-07-18 15:55:30,366 - trading_system - INFO - [ACHUSDT] 当前RSI: 26.80, 价格: 0.02359
2025-07-18 15:55:30,373 - trading_system - INFO - [CRVUSDT] 当前RSI: 45.42, 价格: 1.0321
2025-07-18 15:55:30,494 - trading_system - INFO - [ONDOUSDT] 当前RSI: 27.50, 价格: 1.0537
2025-07-18 15:55:32,682 - trading_system - INFO - [ONDOUSDT] 当前RSI: 27.50, 价格: 1.0537
2025-07-18 15:55:32,690 - trading_system - INFO - [ACHUSDT] 当前RSI: 26.80, 价格: 0.02359
2025-07-18 15:55:32,757 - trading_system - INFO - [CRVUSDT] 当前RSI: 45.42, 价格: 1.0321
2025-07-18 15:55:35,040 - trading_system - INFO - [ACHUSDT] 当前RSI: 27.75, 价格: 0.02361
2025-07-18 15:55:35,042 - trading_system - INFO - [CRVUSDT] 当前RSI: 45.42, 价格: 1.0321
2025-07-18 15:55:35,058 - trading_system - INFO - [ONDOUSDT] 当前RSI: 27.50, 价格: 1.0537
2025-07-18 15:55:37,304 - trading_system - INFO - [ACHUSDT] 当前RSI: 27.75, 价格: 0.02361
2025-07-18 15:55:37,517 - trading_system - INFO - [ONDOUSDT] 当前RSI: 27.36, 价格: 1.0535
2025-07-18 15:55:37,586 - trading_system - INFO - [CRVUSDT] 当前RSI: 45.42, 价格: 1.0321
2025-07-18 15:55:39,776 - trading_system - INFO - [ACHUSDT] 当前RSI: 27.75, 价格: 0.02361
2025-07-18 15:55:39,850 - trading_system - INFO - [CRVUSDT] 当前RSI: 45.42, 价格: 1.0321
2025-07-18 15:55:39,922 - trading_system - INFO - [ONDOUSDT] 当前RSI: 27.36, 价格: 1.0535
2025-07-18 15:55:42,102 - trading_system - INFO - [ACHUSDT] 当前RSI: 27.75, 价格: 0.02361
2025-07-18 15:55:42,223 - trading_system - INFO - [CRVUSDT] 当前RSI: 45.42, 价格: 1.0321
2025-07-18 15:55:42,269 - trading_system - INFO - [ONDOUSDT] 当前RSI: 27.36, 价格: 1.0535
2025-07-18 15:55:44,460 - trading_system - INFO - [ONDOUSDT] 当前RSI: 27.36, 价格: 1.0535
2025-07-18 15:55:44,543 - trading_system - INFO - [ACHUSDT] 当前RSI: 27.75, 价格: 0.02361
2025-07-18 15:55:44,616 - trading_system - INFO - [CRVUSDT] 当前RSI: 45.42, 价格: 1.0321
2025-07-18 15:55:46,820 - trading_system - INFO - [ACHUSDT] 当前RSI: 27.75, 价格: 0.02361
2025-07-18 15:55:46,900 - trading_system - INFO - [ONDOUSDT] 当前RSI: 27.36, 价格: 1.0535
2025-07-18 15:55:46,939 - trading_system - INFO - [CRVUSDT] 当前RSI: 45.70, 价格: 1.0323
2025-07-18 15:55:48,969 - trading_system - INFO - 程序已退出
2025-07-18 15:57:13,517 - trading_system - ERROR - 设置杠杆失败: APIError(code=-2015): Invalid API-key, IP, or permissions for action
2025-07-18 15:57:13,582 - trading_system - ERROR - 设置杠杆失败: APIError(code=-2015): Invalid API-key, IP, or permissions for action
2025-07-18 15:57:13,656 - trading_system - ERROR - 设置杠杆失败: APIError(code=-2015): Invalid API-key, IP, or permissions for action
2025-07-18 15:57:13,656 - trading_system - INFO - 程序正在运行，按Ctrl+C退出...
2025-07-18 15:57:13,765 - trading_system - INFO - [CRVUSDT] 当前RSI: 52.93, 价格: 1.0372
2025-07-18 15:57:14,212 - trading_system - INFO - [ONDOUSDT] 当前RSI: 27.57, 价格: 1.0538
2025-07-18 15:57:14,318 - trading_system - INFO - [ACHUSDT] 当前RSI: 26.80, 价格: 0.02359
2025-07-18 15:57:17,011 - trading_system - INFO - [ONDOUSDT] 当前RSI: 27.57, 价格: 1.0538
2025-07-18 15:57:17,028 - trading_system - INFO - [CRVUSDT] 当前RSI: 52.93, 价格: 1.0372
2025-07-18 15:57:17,114 - trading_system - INFO - [ACHUSDT] 当前RSI: 26.80, 价格: 0.02359
2025-07-18 15:57:19,276 - trading_system - INFO - [ONDOUSDT] 当前RSI: 27.57, 价格: 1.0538
2025-07-18 15:57:19,280 - trading_system - INFO - [ACHUSDT] 当前RSI: 26.80, 价格: 0.02359
2025-07-18 15:57:19,298 - trading_system - INFO - [CRVUSDT] 当前RSI: 52.93, 价格: 1.0372
2025-07-18 15:57:21,457 - trading_system - INFO - [ONDOUSDT] 当前RSI: 27.91, 价格: 1.0543
2025-07-18 15:57:21,465 - trading_system - INFO - [ACHUSDT] 当前RSI: 26.80, 价格: 0.02359
2025-07-18 15:57:21,483 - trading_system - INFO - [CRVUSDT] 当前RSI: 52.93, 价格: 1.0372
2025-07-18 15:57:23,632 - trading_system - INFO - [ACHUSDT] 当前RSI: 26.80, 价格: 0.02359
2025-07-18 15:57:23,726 - trading_system - INFO - [CRVUSDT] 当前RSI: 52.93, 价格: 1.0372
2025-07-18 15:57:24,023 - trading_system - INFO - [ONDOUSDT] 当前RSI: 27.91, 价格: 1.0543
2025-07-18 15:57:26,227 - trading_system - INFO - [ACHUSDT] 当前RSI: 26.80, 价格: 0.02359
2025-07-18 15:57:26,230 - trading_system - INFO - [CRVUSDT] 当前RSI: 52.93, 价格: 1.0372
2025-07-18 15:57:26,258 - trading_system - INFO - [ONDOUSDT] 当前RSI: 27.91, 价格: 1.0543
2025-07-18 15:57:28,457 - trading_system - INFO - [ACHUSDT] 当前RSI: 26.80, 价格: 0.02359
2025-07-18 15:57:28,465 - trading_system - INFO - [CRVUSDT] 当前RSI: 52.93, 价格: 1.0372
2025-07-18 15:57:28,583 - trading_system - INFO - [ONDOUSDT] 当前RSI: 27.91, 价格: 1.0543
2025-07-18 15:57:30,265 - trading_system - INFO - 程序已退出
2025-07-18 15:59:26,663 - trading_system - ERROR - 设置杠杆失败: APIError(code=-2015): Invalid API-key, IP, or permissions for action
2025-07-18 15:59:26,767 - trading_system - ERROR - 设置杠杆失败: APIError(code=-2015): Invalid API-key, IP, or permissions for action
2025-07-18 15:59:26,894 - trading_system - ERROR - 设置杠杆失败: APIError(code=-2015): Invalid API-key, IP, or permissions for action
2025-07-18 15:59:26,894 - trading_system - INFO - 程序正在运行，按Ctrl+C退出...
2025-07-18 15:59:27,063 - trading_system - INFO - [CRVUSDT] 当前RSI: 53.19, 价格: 1.0374
2025-07-18 15:59:27,355 - trading_system - INFO - [ONDOUSDT] 当前RSI: 24.84, 价格: 1.0494
2025-07-18 15:59:27,411 - trading_system - INFO - [ACHUSDT] 当前RSI: 25.50, 价格: 0.02356
2025-07-18 15:59:30,176 - trading_system - INFO - [ONDOUSDT] 当前RSI: 23.93, 价格: 1.0477
2025-07-18 15:59:30,235 - trading_system - INFO - [CRVUSDT] 当前RSI: 53.19, 价格: 1.0374
2025-07-18 15:59:30,637 - trading_system - INFO - [ACHUSDT] 当前RSI: 25.50, 价格: 0.02356
2025-07-18 15:59:32,858 - trading_system - INFO - [CRVUSDT] 当前RSI: 53.19, 价格: 1.0374
2025-07-18 15:59:32,883 - trading_system - INFO - [ACHUSDT] 当前RSI: 25.50, 价格: 0.02356
2025-07-18 15:59:32,889 - trading_system - INFO - [ONDOUSDT] 当前RSI: 23.93, 价格: 1.0477
2025-07-18 15:59:35,067 - trading_system - INFO - [ACHUSDT] 当前RSI: 25.50, 价格: 0.02356
2025-07-18 15:59:35,092 - trading_system - INFO - [CRVUSDT] 当前RSI: 53.19, 价格: 1.0374
2025-07-18 15:59:35,095 - trading_system - INFO - [ONDOUSDT] 当前RSI: 23.93, 价格: 1.0477
2025-07-18 15:59:37,347 - trading_system - INFO - [ACHUSDT] 当前RSI: 25.50, 价格: 0.02356
2025-07-18 15:59:37,378 - trading_system - INFO - [CRVUSDT] 当前RSI: 53.19, 价格: 1.0374
2025-07-18 15:59:37,381 - trading_system - INFO - [ONDOUSDT] 当前RSI: 23.93, 价格: 1.0477
2025-07-18 15:59:39,837 - trading_system - INFO - [CRVUSDT] 当前RSI: 53.06, 价格: 1.0373
2025-07-18 15:59:39,903 - trading_system - INFO - [ONDOUSDT] 当前RSI: 23.93, 价格: 1.0477
2025-07-18 15:59:39,916 - trading_system - INFO - [ACHUSDT] 当前RSI: 25.50, 价格: 0.02356
2025-07-18 15:59:42,715 - trading_system - INFO - [ONDOUSDT] 当前RSI: 23.93, 价格: 1.0477
2025-07-18 15:59:42,729 - trading_system - INFO - [ACHUSDT] 当前RSI: 25.50, 价格: 0.02356
2025-07-18 15:59:42,732 - trading_system - INFO - [CRVUSDT] 当前RSI: 53.06, 价格: 1.0373
2025-07-18 15:59:44,956 - trading_system - INFO - [ONDOUSDT] 当前RSI: 23.93, 价格: 1.0477
2025-07-18 15:59:44,972 - trading_system - INFO - [ACHUSDT] 当前RSI: 25.50, 价格: 0.02356
2025-07-18 15:59:45,453 - trading_system - INFO - [CRVUSDT] 当前RSI: 53.06, 价格: 1.0373
2025-07-18 15:59:47,445 - trading_system - INFO - 程序已退出
2025-07-18 16:02:25,594 - trading_system - ERROR - 设置杠杆失败: APIError(code=-2015): Invalid API-key, IP, or permissions for action
2025-07-18 16:02:25,680 - trading_system - ERROR - 设置杠杆失败: APIError(code=-2015): Invalid API-key, IP, or permissions for action
2025-07-18 16:02:25,755 - trading_system - ERROR - 设置杠杆失败: APIError(code=-2015): Invalid API-key, IP, or permissions for action
2025-07-18 16:02:25,755 - trading_system - INFO - 程序正在运行，按Ctrl+C退出...
2025-07-18 16:02:25,893 - trading_system - INFO - [CRVUSDT] 当前RSI: 51.83, 价格: 1.0366
2025-07-18 16:02:26,058 - trading_system - INFO - [ACHUSDT] 当前RSI: 39.04, 价格: 0.02366
2025-07-18 16:02:27,056 - trading_system - INFO - [ONDOUSDT] 当前RSI: 31.56, 价格: 1.052
2025-07-18 16:03:23,351 - trading_system - ERROR - 设置杠杆失败: APIError(code=-2015): Invalid API-key, IP, or permissions for action
2025-07-18 16:03:23,522 - trading_system - ERROR - 设置杠杆失败: APIError(code=-2015): Invalid API-key, IP, or permissions for action
2025-07-18 16:03:23,762 - trading_system - ERROR - 设置杠杆失败: APIError(code=-2015): Invalid API-key, IP, or permissions for action
2025-07-18 16:03:23,762 - trading_system - INFO - 程序正在运行，按Ctrl+C退出...
2025-07-18 16:03:23,995 - trading_system - INFO - [CRVUSDT] 当前RSI: 45.21, 价格: 1.0322
2025-07-18 16:03:27,418 - trading_system - INFO - [ACHUSDT] 当前RSI: 36.18, 价格: 0.02363
2025-07-18 16:03:28,367 - trading_system - INFO - [ONDOUSDT] 当前RSI: 31.72, 价格: 1.0521
2025-07-18 16:03:31,336 - trading_system - INFO - [CRVUSDT] 当前RSI: 45.21, 价格: 1.0322
2025-07-18 16:03:31,341 - trading_system - INFO - [ONDOUSDT] 当前RSI: 31.72, 价格: 1.0521
2025-07-18 16:03:31,370 - trading_system - INFO - [ACHUSDT] 当前RSI: 36.18, 价格: 0.02363
2025-07-18 16:03:33,898 - trading_system - INFO - [ACHUSDT] 当前RSI: 36.18, 价格: 0.02363
2025-07-18 16:03:33,901 - trading_system - INFO - [ONDOUSDT] 当前RSI: 31.72, 价格: 1.0521
2025-07-18 16:03:34,005 - trading_system - INFO - [CRVUSDT] 当前RSI: 45.21, 价格: 1.0322
2025-07-18 16:03:36,221 - trading_system - INFO - [ACHUSDT] 当前RSI: 36.18, 价格: 0.02363
2025-07-18 16:03:36,234 - trading_system - INFO - [CRVUSDT] 当前RSI: 45.21, 价格: 1.0322
2025-07-18 16:03:36,314 - trading_system - INFO - [ONDOUSDT] 当前RSI: 31.72, 价格: 1.0521
2025-07-18 16:03:38,774 - trading_system - INFO - [CRVUSDT] 当前RSI: 45.21, 价格: 1.0322
2025-07-18 16:03:38,778 - trading_system - INFO - [ONDOUSDT] 当前RSI: 31.72, 价格: 1.0521
2025-07-18 16:03:38,801 - trading_system - INFO - [ACHUSDT] 当前RSI: 33.03, 价格: 0.0236
2025-07-18 16:03:42,054 - trading_system - INFO - [ACHUSDT] 当前RSI: 33.03, 价格: 0.0236
2025-07-18 16:03:42,074 - trading_system - INFO - [CRVUSDT] 当前RSI: 45.21, 价格: 1.0322
2025-07-18 16:03:42,130 - trading_system - INFO - [ONDOUSDT] 当前RSI: 31.72, 价格: 1.0521
2025-07-18 16:03:44,534 - trading_system - INFO - [ACHUSDT] 当前RSI: 33.03, 价格: 0.0236
2025-07-18 16:03:44,541 - trading_system - INFO - [ONDOUSDT] 当前RSI: 31.72, 价格: 1.0521
2025-07-18 16:03:44,874 - trading_system - INFO - [CRVUSDT] 当前RSI: 45.21, 价格: 1.0322
2025-07-18 16:03:47,182 - trading_system - INFO - [ACHUSDT] 当前RSI: 33.03, 价格: 0.0236
2025-07-18 16:03:47,185 - trading_system - INFO - [CRVUSDT] 当前RSI: 44.18, 价格: 1.0314
2025-07-18 16:03:47,274 - trading_system - INFO - [ONDOUSDT] 当前RSI: 31.72, 价格: 1.0521
2025-07-18 16:03:49,491 - trading_system - INFO - [ACHUSDT] 当前RSI: 33.03, 价格: 0.0236
2025-07-18 16:03:49,499 - trading_system - INFO - [CRVUSDT] 当前RSI: 44.18, 价格: 1.0314
2025-07-18 16:03:49,546 - trading_system - INFO - [ONDOUSDT] 当前RSI: 31.72, 价格: 1.0521
2025-07-18 16:03:51,766 - trading_system - INFO - [ACHUSDT] 当前RSI: 33.03, 价格: 0.0236
2025-07-18 16:03:51,835 - trading_system - INFO - [CRVUSDT] 当前RSI: 44.18, 价格: 1.0314
2025-07-18 16:03:52,271 - trading_system - INFO - [ONDOUSDT] 当前RSI: 31.72, 价格: 1.0521
2025-07-18 16:03:54,494 - trading_system - INFO - [ACHUSDT] 当前RSI: 33.03, 价格: 0.0236
2025-07-18 16:03:54,529 - trading_system - INFO - [CRVUSDT] 当前RSI: 44.18, 价格: 1.0314
2025-07-18 16:03:54,644 - trading_system - INFO - [ONDOUSDT] 当前RSI: 31.72, 价格: 1.0521
2025-07-18 16:03:56,895 - trading_system - INFO - [CRVUSDT] 当前RSI: 44.18, 价格: 1.0314
2025-07-18 16:03:56,898 - trading_system - INFO - [ONDOUSDT] 当前RSI: 31.72, 价格: 1.0521
2025-07-18 16:03:56,936 - trading_system - INFO - [ACHUSDT] 当前RSI: 33.03, 价格: 0.0236
2025-07-18 16:03:59,183 - trading_system - INFO - [ONDOUSDT] 当前RSI: 31.72, 价格: 1.0521
2025-07-18 16:03:59,187 - trading_system - INFO - [CRVUSDT] 当前RSI: 44.18, 价格: 1.0314
2025-07-18 16:03:59,211 - trading_system - INFO - [ACHUSDT] 当前RSI: 33.03, 价格: 0.0236
2025-07-18 16:04:00,716 - trading_system - INFO - 程序已退出
2025-07-18 16:05:13,606 - trading_system - ERROR - 设置杠杆失败: APIError(code=-2015): Invalid API-key, IP, or permissions for action
2025-07-18 16:05:13,696 - trading_system - ERROR - 设置杠杆失败: APIError(code=-2015): Invalid API-key, IP, or permissions for action
2025-07-18 16:05:13,789 - trading_system - ERROR - 设置杠杆失败: APIError(code=-2015): Invalid API-key, IP, or permissions for action
2025-07-18 16:05:13,789 - trading_system - INFO - 程序正在运行，按Ctrl+C退出...
2025-07-18 16:05:13,849 - trading_system - INFO - [CRVUSDT] 当前RSI: 43.57, 价格: 1.0309
2025-07-18 16:05:14,091 - trading_system - INFO - [ACHUSDT] 当前RSI: 35.16, 价格: 0.02362
2025-07-18 16:05:14,221 - trading_system - INFO - [ONDOUSDT] 当前RSI: 32.35, 价格: 1.0525
2025-07-18 16:05:17,182 - trading_system - INFO - [ACHUSDT] 当前RSI: 35.16, 价格: 0.02362
2025-07-18 16:05:17,272 - trading_system - INFO - [ONDOUSDT] 当前RSI: 32.35, 价格: 1.0525
2025-07-18 16:05:17,275 - trading_system - INFO - [CRVUSDT] 当前RSI: 43.57, 价格: 1.0309
2025-07-18 16:05:19,904 - trading_system - INFO - [ACHUSDT] 当前RSI: 35.16, 价格: 0.02362
2025-07-18 16:05:20,083 - trading_system - INFO - [ONDOUSDT] 当前RSI: 32.35, 价格: 1.0525
2025-07-18 16:05:20,085 - trading_system - INFO - [CRVUSDT] 当前RSI: 44.44, 价格: 1.0316
2025-07-18 16:05:22,564 - trading_system - INFO - [ACHUSDT] 当前RSI: 35.16, 价格: 0.02362
2025-07-18 16:05:22,611 - trading_system - INFO - [CRVUSDT] 当前RSI: 44.44, 价格: 1.0316
2025-07-18 16:05:22,614 - trading_system - INFO - [ONDOUSDT] 当前RSI: 32.35, 价格: 1.0525
2025-07-18 16:05:25,138 - trading_system - INFO - [CRVUSDT] 当前RSI: 44.44, 价格: 1.0316
2025-07-18 16:05:25,140 - trading_system - INFO - [ONDOUSDT] 当前RSI: 32.35, 价格: 1.0525
2025-07-18 16:05:25,455 - trading_system - INFO - [ACHUSDT] 当前RSI: 35.16, 价格: 0.02362
2025-07-18 16:05:27,990 - trading_system - INFO - [CRVUSDT] 当前RSI: 44.44, 价格: 1.0316
2025-07-18 16:05:28,104 - trading_system - INFO - [ONDOUSDT] 当前RSI: 32.35, 价格: 1.0525
2025-07-18 16:05:28,511 - trading_system - INFO - [ACHUSDT] 当前RSI: 35.16, 价格: 0.02362
2025-07-18 16:05:31,044 - trading_system - INFO - [ACHUSDT] 当前RSI: 35.16, 价格: 0.02362
2025-07-18 16:05:31,053 - trading_system - INFO - [CRVUSDT] 当前RSI: 44.44, 价格: 1.0316
2025-07-18 16:05:31,101 - trading_system - INFO - [ONDOUSDT] 当前RSI: 32.35, 价格: 1.0525
2025-07-18 16:05:33,586 - trading_system - INFO - [CRVUSDT] 当前RSI: 44.44, 价格: 1.0316
2025-07-18 16:05:33,674 - trading_system - INFO - [ACHUSDT] 当前RSI: 35.16, 价格: 0.02362
2025-07-18 16:05:34,071 - trading_system - INFO - [ONDOUSDT] 当前RSI: 32.51, 价格: 1.0526
2025-07-18 16:08:53,503 - trading_system - ERROR - 设置杠杆失败: APIError(code=-2015): Invalid API-key, IP, or permissions for action
2025-07-18 16:08:53,584 - trading_system - ERROR - 设置杠杆失败: APIError(code=-2015): Invalid API-key, IP, or permissions for action
2025-07-18 16:08:53,663 - trading_system - ERROR - 设置杠杆失败: APIError(code=-2015): Invalid API-key, IP, or permissions for action
2025-07-18 16:08:53,664 - trading_system - INFO - 程序正在运行，按Ctrl+C退出...
2025-07-18 16:08:53,747 - trading_system - INFO - [CRVUSDT] 当前RSI: 53.53, 价格: 1.0376
2025-07-18 16:08:54,093 - trading_system - INFO - [ACHUSDT] 当前RSI: 43.29, 价格: 0.02371
2025-07-18 16:08:54,478 - trading_system - INFO - [ONDOUSDT] 当前RSI: 39.60, 价格: 1.0577
2025-07-18 16:08:55,743 - trading_system - INFO - [ONDOUSDT] 当前RSI: 39.60, 价格: 1.0577
2025-07-18 16:08:55,749 - trading_system - INFO - [ACHUSDT] 当前RSI: 43.29, 价格: 0.02371
2025-07-18 16:08:56,489 - trading_system - INFO - [CRVUSDT] 当前RSI: 53.53, 价格: 1.0376
2025-07-18 16:08:57,736 - trading_system - INFO - [ACHUSDT] 当前RSI: 43.29, 价格: 0.02371
2025-07-18 16:08:57,764 - trading_system - INFO - [CRVUSDT] 当前RSI: 53.53, 价格: 1.0376
2025-07-18 16:08:57,772 - trading_system - INFO - [ONDOUSDT] 当前RSI: 39.72, 价格: 1.0578
2025-07-18 16:08:59,736 - trading_system - INFO - [ACHUSDT] 当前RSI: 43.29, 价格: 0.02371
2025-07-18 16:08:59,753 - trading_system - INFO - [CRVUSDT] 当前RSI: 53.53, 价格: 1.0376
2025-07-18 16:08:59,771 - trading_system - INFO - [ONDOUSDT] 当前RSI: 39.72, 价格: 1.0578
2025-07-18 16:09:02,064 - trading_system - INFO - [ACHUSDT] 当前RSI: 43.29, 价格: 0.02371
2025-07-18 16:09:02,088 - trading_system - INFO - [ONDOUSDT] 当前RSI: 39.72, 价格: 1.0578
2025-07-18 16:09:02,456 - trading_system - INFO - [CRVUSDT] 当前RSI: 53.53, 价格: 1.0376
2025-07-18 16:09:03,818 - trading_system - INFO - [ONDOUSDT] 当前RSI: 39.72, 价格: 1.0578
2025-07-18 16:09:03,840 - trading_system - INFO - [ACHUSDT] 当前RSI: 43.29, 价格: 0.02371
2025-07-18 16:09:03,908 - trading_system - INFO - [CRVUSDT] 当前RSI: 53.53, 价格: 1.0376
2025-07-18 16:09:05,975 - trading_system - INFO - [ACHUSDT] 当前RSI: 43.29, 价格: 0.02371
2025-07-18 16:09:05,988 - trading_system - INFO - [CRVUSDT] 当前RSI: 53.53, 价格: 1.0376
2025-07-18 16:09:06,152 - trading_system - INFO - [ONDOUSDT] 当前RSI: 39.72, 价格: 1.0578
2025-07-18 16:09:07,809 - trading_system - INFO - [ACHUSDT] 当前RSI: 43.29, 价格: 0.02371
2025-07-18 16:09:07,826 - trading_system - INFO - [CRVUSDT] 当前RSI: 53.53, 价格: 1.0376
2025-07-18 16:09:07,842 - trading_system - INFO - [ONDOUSDT] 当前RSI: 39.72, 价格: 1.0578
2025-07-18 16:09:09,748 - trading_system - INFO - [ACHUSDT] 当前RSI: 43.29, 价格: 0.02371
2025-07-18 16:09:09,834 - trading_system - INFO - [CRVUSDT] 当前RSI: 52.00, 价格: 1.0367
2025-07-18 16:09:09,898 - trading_system - INFO - [ONDOUSDT] 当前RSI: 39.72, 价格: 1.0578
2025-07-18 16:09:11,748 - trading_system - INFO - [ONDOUSDT] 当前RSI: 39.72, 价格: 1.0578
2025-07-18 16:09:11,755 - trading_system - INFO - [ACHUSDT] 当前RSI: 43.29, 价格: 0.02371
2025-07-18 16:09:11,775 - trading_system - INFO - [CRVUSDT] 当前RSI: 52.00, 价格: 1.0367
2025-07-18 16:09:13,747 - trading_system - INFO - [ONDOUSDT] 当前RSI: 39.72, 价格: 1.0578
2025-07-18 16:09:13,755 - trading_system - INFO - [CRVUSDT] 当前RSI: 52.00, 价格: 1.0367
2025-07-18 16:09:13,765 - trading_system - INFO - [ACHUSDT] 当前RSI: 43.29, 价格: 0.02371
2025-07-18 16:09:15,738 - trading_system - INFO - [ACHUSDT] 当前RSI: 43.29, 价格: 0.02371
2025-07-18 16:09:15,755 - trading_system - INFO - [CRVUSDT] 当前RSI: 52.00, 价格: 1.0367
2025-07-18 16:09:15,771 - trading_system - INFO - [ONDOUSDT] 当前RSI: 39.72, 价格: 1.0578
2025-07-18 16:09:17,819 - trading_system - INFO - [ACHUSDT] 当前RSI: 42.49, 价格: 0.0237
2025-07-18 16:09:17,831 - trading_system - INFO - [ONDOUSDT] 当前RSI: 39.72, 价格: 1.0578
2025-07-18 16:09:17,847 - trading_system - INFO - [CRVUSDT] 当前RSI: 52.00, 价格: 1.0367
2025-07-18 16:09:19,750 - trading_system - INFO - [ACHUSDT] 当前RSI: 42.49, 价格: 0.0237
2025-07-18 16:09:19,773 - trading_system - INFO - [CRVUSDT] 当前RSI: 52.00, 价格: 1.0367
2025-07-18 16:09:19,884 - trading_system - INFO - [ONDOUSDT] 当前RSI: 39.72, 价格: 1.0578
2025-07-18 16:09:21,746 - trading_system - INFO - [CRVUSDT] 当前RSI: 52.00, 价格: 1.0367
2025-07-18 16:09:21,754 - trading_system - INFO - [ONDOUSDT] 当前RSI: 39.72, 价格: 1.0578
2025-07-18 16:09:21,767 - trading_system - INFO - [ACHUSDT] 当前RSI: 42.49, 价格: 0.0237
2025-07-18 16:09:23,746 - trading_system - INFO - [ONDOUSDT] 当前RSI: 39.72, 价格: 1.0578
2025-07-18 16:09:23,755 - trading_system - INFO - [ACHUSDT] 当前RSI: 42.49, 价格: 0.0237
2025-07-18 16:09:23,940 - trading_system - INFO - [CRVUSDT] 当前RSI: 52.00, 价格: 1.0367
2025-07-18 16:09:25,743 - trading_system - INFO - [ONDOUSDT] 当前RSI: 39.72, 价格: 1.0578
2025-07-18 16:09:25,755 - trading_system - INFO - [CRVUSDT] 当前RSI: 51.65, 价格: 1.0365
2025-07-18 16:09:25,995 - trading_system - INFO - [ACHUSDT] 当前RSI: 42.49, 价格: 0.0237
2025-07-18 16:09:27,744 - trading_system - INFO - [ONDOUSDT] 当前RSI: 39.72, 价格: 1.0578
2025-07-18 16:09:27,748 - trading_system - INFO - [ACHUSDT] 当前RSI: 42.49, 价格: 0.0237
2025-07-18 16:09:28,486 - trading_system - INFO - [CRVUSDT] 当前RSI: 51.65, 价格: 1.0365
2025-07-18 16:09:29,744 - trading_system - INFO - [ONDOUSDT] 当前RSI: 39.72, 价格: 1.0578
2025-07-18 16:09:29,761 - trading_system - INFO - [CRVUSDT] 当前RSI: 51.65, 价格: 1.0365
2025-07-18 16:09:29,956 - trading_system - INFO - [ACHUSDT] 当前RSI: 42.49, 价格: 0.0237
2025-07-18 16:09:31,743 - trading_system - INFO - [ONDOUSDT] 当前RSI: 39.72, 价格: 1.0578
2025-07-18 16:09:31,754 - trading_system - INFO - [CRVUSDT] 当前RSI: 51.65, 价格: 1.0365
2025-07-18 16:09:31,925 - trading_system - INFO - [ACHUSDT] 当前RSI: 42.49, 价格: 0.0237
2025-07-18 16:09:33,901 - trading_system - INFO - [ACHUSDT] 当前RSI: 42.49, 价格: 0.0237
2025-07-18 16:09:33,976 - trading_system - INFO - [ONDOUSDT] 当前RSI: 39.72, 价格: 1.0578
2025-07-18 16:09:34,314 - trading_system - INFO - [CRVUSDT] 当前RSI: 51.65, 价格: 1.0365
2025-07-18 16:09:35,832 - trading_system - INFO - [CRVUSDT] 当前RSI: 51.65, 价格: 1.0365
2025-07-18 16:09:36,089 - trading_system - INFO - [ACHUSDT] 当前RSI: 42.49, 价格: 0.0237
2025-07-18 16:09:36,208 - trading_system - INFO - [ONDOUSDT] 当前RSI: 39.72, 价格: 1.0578
2025-07-18 16:09:37,813 - trading_system - INFO - [ACHUSDT] 当前RSI: 42.49, 价格: 0.0237
2025-07-18 16:09:37,836 - trading_system - INFO - [CRVUSDT] 当前RSI: 51.65, 价格: 1.0365
2025-07-18 16:09:39,279 - trading_system - INFO - [ONDOUSDT] 当前RSI: 39.72, 价格: 1.0578
2025-07-18 16:09:39,828 - trading_system - INFO - [CRVUSDT] 当前RSI: 51.65, 价格: 1.0365
2025-07-18 16:09:39,982 - trading_system - INFO - [ONDOUSDT] 当前RSI: 39.72, 价格: 1.0578
2025-07-18 16:09:40,124 - trading_system - INFO - [ACHUSDT] 当前RSI: 42.49, 价格: 0.0237
2025-07-18 16:09:41,900 - trading_system - INFO - [ONDOUSDT] 当前RSI: 39.72, 价格: 1.0578
2025-07-18 16:09:42,017 - trading_system - INFO - [CRVUSDT] 当前RSI: 51.65, 价格: 1.0365
2025-07-18 16:09:42,170 - trading_system - INFO - [ACHUSDT] 当前RSI: 42.49, 价格: 0.0237
2025-07-18 16:09:43,746 - trading_system - INFO - [CRVUSDT] 当前RSI: 50.16, 价格: 1.0356
2025-07-18 16:09:43,875 - trading_system - INFO - [ACHUSDT] 当前RSI: 42.49, 价格: 0.0237
2025-07-18 16:09:43,914 - trading_system - INFO - [ONDOUSDT] 当前RSI: 39.72, 价格: 1.0578
2025-07-18 16:09:45,753 - trading_system - INFO - [ONDOUSDT] 当前RSI: 39.72, 价格: 1.0578
2025-07-18 16:09:45,874 - trading_system - INFO - [CRVUSDT] 当前RSI: 50.16, 价格: 1.0356
2025-07-18 16:09:45,913 - trading_system - INFO - [ACHUSDT] 当前RSI: 42.49, 价格: 0.0237
2025-07-18 16:09:47,753 - trading_system - INFO - [ONDOUSDT] 当前RSI: 39.60, 价格: 1.0577
2025-07-18 16:09:47,846 - trading_system - INFO - [ACHUSDT] 当前RSI: 42.49, 价格: 0.0237
2025-07-18 16:09:47,903 - trading_system - INFO - [CRVUSDT] 当前RSI: 50.16, 价格: 1.0356
2025-07-18 16:09:49,749 - trading_system - INFO - [ACHUSDT] 当前RSI: 42.49, 价格: 0.0237
2025-07-18 16:09:49,861 - trading_system - INFO - [ONDOUSDT] 当前RSI: 39.60, 价格: 1.0577
2025-07-18 16:09:49,867 - trading_system - INFO - [CRVUSDT] 当前RSI: 50.16, 价格: 1.0356
2025-07-18 16:09:51,884 - trading_system - INFO - [ACHUSDT] 当前RSI: 42.49, 价格: 0.0237
2025-07-18 16:09:51,896 - trading_system - INFO - [ONDOUSDT] 当前RSI: 39.60, 价格: 1.0577
2025-07-18 16:09:51,912 - trading_system - INFO - [CRVUSDT] 当前RSI: 50.16, 价格: 1.0356
2025-07-18 16:09:53,857 - trading_system - INFO - [ONDOUSDT] 当前RSI: 39.72, 价格: 1.0578
2025-07-18 16:09:53,874 - trading_system - INFO - [CRVUSDT] 当前RSI: 50.65, 价格: 1.0359
2025-07-18 16:09:53,909 - trading_system - INFO - [ACHUSDT] 当前RSI: 42.49, 价格: 0.0237
2025-07-18 16:09:55,829 - trading_system - INFO - [ACHUSDT] 当前RSI: 42.49, 价格: 0.0237
2025-07-18 16:09:55,839 - trading_system - INFO - [ONDOUSDT] 当前RSI: 39.72, 价格: 1.0578
2025-07-18 16:09:56,313 - trading_system - INFO - [CRVUSDT] 当前RSI: 50.65, 价格: 1.0359
2025-07-18 16:09:57,818 - trading_system - INFO - [ONDOUSDT] 当前RSI: 39.72, 价格: 1.0578
2025-07-18 16:09:57,828 - trading_system - INFO - [ACHUSDT] 当前RSI: 42.49, 价格: 0.0237
2025-07-18 16:09:57,860 - trading_system - INFO - [CRVUSDT] 当前RSI: 50.65, 价格: 1.0359
2025-07-18 16:09:59,826 - trading_system - INFO - [ONDOUSDT] 当前RSI: 38.97, 价格: 1.0572
2025-07-18 16:09:59,876 - trading_system - INFO - [ACHUSDT] 当前RSI: 42.49, 价格: 0.0237
2025-07-18 16:09:59,966 - trading_system - INFO - [CRVUSDT] 当前RSI: 50.65, 价格: 1.0359
2025-07-18 16:10:01,793 - trading_system - INFO - [ACHUSDT] 当前RSI: 42.49, 价格: 0.0237
2025-07-18 16:10:01,846 - trading_system - INFO - [CRVUSDT] 当前RSI: 50.65, 价格: 1.0359
2025-07-18 16:10:01,914 - trading_system - INFO - [ONDOUSDT] 当前RSI: 38.97, 价格: 1.0572
2025-07-18 16:10:03,854 - trading_system - INFO - [ONDOUSDT] 当前RSI: 38.97, 价格: 1.0572
2025-07-18 16:10:03,875 - trading_system - INFO - [ACHUSDT] 当前RSI: 42.49, 价格: 0.0237
2025-07-18 16:10:04,153 - trading_system - INFO - [CRVUSDT] 当前RSI: 50.65, 价格: 1.0359
2025-07-18 16:10:05,912 - trading_system - INFO - [ACHUSDT] 当前RSI: 42.49, 价格: 0.0237
2025-07-18 16:10:05,964 - trading_system - INFO - [ONDOUSDT] 当前RSI: 38.97, 价格: 1.0572
2025-07-18 16:10:05,978 - trading_system - INFO - [CRVUSDT] 当前RSI: 50.65, 价格: 1.0359
2025-07-18 16:10:07,824 - trading_system - INFO - [ACHUSDT] 当前RSI: 42.49, 价格: 0.0237
2025-07-18 16:10:07,933 - trading_system - INFO - [ONDOUSDT] 当前RSI: 38.97, 价格: 1.0572
2025-07-18 16:10:08,218 - trading_system - INFO - [CRVUSDT] 当前RSI: 50.65, 价格: 1.0359
2025-07-18 16:10:09,996 - trading_system - INFO - [CRVUSDT] 当前RSI: 50.65, 价格: 1.0359
2025-07-18 16:10:10,000 - trading_system - INFO - [ONDOUSDT] 当前RSI: 38.97, 价格: 1.0572
2025-07-18 16:10:10,475 - trading_system - INFO - [ACHUSDT] 当前RSI: 42.49, 价格: 0.0237
2025-07-18 16:10:11,964 - trading_system - INFO - [ACHUSDT] 当前RSI: 42.49, 价格: 0.0237
2025-07-18 16:10:12,058 - trading_system - INFO - [ONDOUSDT] 当前RSI: 38.97, 价格: 1.0572
2025-07-18 16:10:12,237 - trading_system - INFO - [CRVUSDT] 当前RSI: 49.68, 价格: 1.0353
2025-07-18 16:10:14,058 - trading_system - INFO - [ACHUSDT] 当前RSI: 42.49, 价格: 0.0237
2025-07-18 16:10:14,063 - trading_system - INFO - [ONDOUSDT] 当前RSI: 38.97, 价格: 1.0572
2025-07-18 16:10:14,232 - trading_system - INFO - [CRVUSDT] 当前RSI: 49.68, 价格: 1.0353
2025-07-18 16:10:15,901 - trading_system - INFO - [ACHUSDT] 当前RSI: 40.82, 价格: 0.02368
2025-07-18 16:10:15,962 - trading_system - INFO - [CRVUSDT] 当前RSI: 49.68, 价格: 1.0353
2025-07-18 16:10:16,002 - trading_system - INFO - [ONDOUSDT] 当前RSI: 38.97, 价格: 1.0572
2025-07-18 16:10:17,853 - trading_system - INFO - [ACHUSDT] 当前RSI: 40.82, 价格: 0.02368
2025-07-18 16:10:17,861 - trading_system - INFO - [ONDOUSDT] 当前RSI: 38.07, 价格: 1.0565
2025-07-18 16:10:18,104 - trading_system - INFO - [CRVUSDT] 当前RSI: 49.68, 价格: 1.0353
2025-07-18 16:10:19,845 - trading_system - INFO - [ACHUSDT] 当前RSI: 40.82, 价格: 0.02368
2025-07-18 16:10:19,852 - trading_system - INFO - [ONDOUSDT] 当前RSI: 38.07, 价格: 1.0565
2025-07-18 16:10:19,995 - trading_system - INFO - [CRVUSDT] 当前RSI: 49.68, 价格: 1.0353
2025-07-18 16:10:21,899 - trading_system - INFO - [ONDOUSDT] 当前RSI: 38.07, 价格: 1.0565
2025-07-18 16:10:21,911 - trading_system - INFO - [ACHUSDT] 当前RSI: 40.82, 价格: 0.02368
2025-07-18 16:10:22,408 - trading_system - INFO - [CRVUSDT] 当前RSI: 49.68, 价格: 1.0353
2025-07-18 16:10:23,874 - trading_system - INFO - [ACHUSDT] 当前RSI: 40.82, 价格: 0.02368
2025-07-18 16:10:23,889 - trading_system - INFO - [ONDOUSDT] 当前RSI: 38.07, 价格: 1.0565
2025-07-18 16:10:23,928 - trading_system - INFO - [CRVUSDT] 当前RSI: 49.68, 价格: 1.0353
2025-07-18 16:10:25,967 - trading_system - INFO - [ACHUSDT] 当前RSI: 40.82, 价格: 0.02368
2025-07-18 16:10:26,056 - trading_system - INFO - [ONDOUSDT] 当前RSI: 38.07, 价格: 1.0565
2025-07-18 16:10:26,071 - trading_system - INFO - [CRVUSDT] 当前RSI: 49.68, 价格: 1.0353
2025-07-18 16:10:27,814 - trading_system - INFO - [ACHUSDT] 当前RSI: 40.82, 价格: 0.02368
2025-07-18 16:10:27,896 - trading_system - INFO - [ONDOUSDT] 当前RSI: 38.07, 价格: 1.0565
2025-07-18 16:10:27,941 - trading_system - INFO - [CRVUSDT] 当前RSI: 49.68, 价格: 1.0353
2025-07-18 16:10:29,828 - trading_system - INFO - [ACHUSDT] 当前RSI: 39.04, 价格: 0.02366
2025-07-18 16:10:29,895 - trading_system - INFO - [CRVUSDT] 当前RSI: 49.36, 价格: 1.0351
2025-07-18 16:10:30,074 - trading_system - INFO - [ONDOUSDT] 当前RSI: 38.07, 价格: 1.0565
2025-07-18 16:10:31,896 - trading_system - INFO - [ACHUSDT] 当前RSI: 39.04, 价格: 0.02366
2025-07-18 16:10:31,920 - trading_system - INFO - [ONDOUSDT] 当前RSI: 38.07, 价格: 1.0565
2025-07-18 16:10:31,935 - trading_system - INFO - [CRVUSDT] 当前RSI: 49.36, 价格: 1.0351
2025-07-18 16:10:33,896 - trading_system - INFO - [ACHUSDT] 当前RSI: 39.04, 价格: 0.02366
2025-07-18 16:10:34,012 - trading_system - INFO - [ONDOUSDT] 当前RSI: 38.07, 价格: 1.0565
2025-07-18 16:10:34,065 - trading_system - INFO - [CRVUSDT] 当前RSI: 49.36, 价格: 1.0351
2025-07-18 16:10:35,901 - trading_system - INFO - [CRVUSDT] 当前RSI: 49.36, 价格: 1.0351
2025-07-18 16:10:35,911 - trading_system - INFO - [ACHUSDT] 当前RSI: 39.04, 价格: 0.02366
2025-07-18 16:10:35,914 - trading_system - INFO - [ONDOUSDT] 当前RSI: 38.07, 价格: 1.0565
2025-07-18 16:10:38,123 - trading_system - INFO - [ACHUSDT] 当前RSI: 39.04, 价格: 0.02366
2025-07-18 16:10:38,155 - trading_system - INFO - [ONDOUSDT] 当前RSI: 38.07, 价格: 1.0565
2025-07-18 16:10:38,314 - trading_system - INFO - [CRVUSDT] 当前RSI: 49.36, 价格: 1.0351
2025-07-18 16:10:40,043 - trading_system - INFO - [ONDOUSDT] 当前RSI: 38.07, 价格: 1.0565
2025-07-18 16:10:40,056 - trading_system - INFO - [ACHUSDT] 当前RSI: 39.04, 价格: 0.02366
2025-07-18 16:10:40,094 - trading_system - INFO - [CRVUSDT] 当前RSI: 49.36, 价格: 1.0351
2025-07-18 16:10:41,964 - trading_system - INFO - [ACHUSDT] 当前RSI: 39.04, 价格: 0.02366
2025-07-18 16:10:42,056 - trading_system - INFO - [CRVUSDT] 当前RSI: 49.36, 价格: 1.0351
2025-07-18 16:10:42,071 - trading_system - INFO - [ONDOUSDT] 当前RSI: 38.07, 价格: 1.0565
2025-07-18 16:10:43,805 - trading_system - INFO - [ACHUSDT] 当前RSI: 39.04, 价格: 0.02366
2025-07-18 16:10:43,847 - trading_system - INFO - [ONDOUSDT] 当前RSI: 38.07, 价格: 1.0565
2025-07-18 16:10:44,327 - trading_system - INFO - [CRVUSDT] 当前RSI: 49.36, 价格: 1.0351
2025-07-18 16:10:45,861 - trading_system - INFO - [ACHUSDT] 当前RSI: 39.04, 价格: 0.02366
2025-07-18 16:10:45,906 - trading_system - INFO - [CRVUSDT] 当前RSI: 49.36, 价格: 1.0351
2025-07-18 16:10:47,401 - trading_system - INFO - [ONDOUSDT] 当前RSI: 38.07, 价格: 1.0565
2025-07-18 16:10:47,829 - trading_system - INFO - [ACHUSDT] 当前RSI: 38.12, 价格: 0.02365
2025-07-18 16:10:47,912 - trading_system - INFO - [ONDOUSDT] 当前RSI: 38.07, 价格: 1.0565
2025-07-18 16:10:48,248 - trading_system - INFO - [CRVUSDT] 当前RSI: 49.36, 价格: 1.0351
2025-07-18 16:10:49,824 - trading_system - INFO - [ACHUSDT] 当前RSI: 38.12, 价格: 0.02365
2025-07-18 16:10:49,868 - trading_system - INFO - [ONDOUSDT] 当前RSI: 38.07, 价格: 1.0565
2025-07-18 16:10:50,072 - trading_system - INFO - [CRVUSDT] 当前RSI: 49.36, 价格: 1.0351
2025-07-18 16:10:51,821 - trading_system - INFO - [ONDOUSDT] 当前RSI: 38.07, 价格: 1.0565
2025-07-18 16:10:51,836 - trading_system - INFO - [ACHUSDT] 当前RSI: 38.12, 价格: 0.02365
2025-07-18 16:10:51,921 - trading_system - INFO - [CRVUSDT] 当前RSI: 49.52, 价格: 1.0352
2025-07-18 16:10:53,966 - trading_system - INFO - [ONDOUSDT] 当前RSI: 38.07, 价格: 1.0565
2025-07-18 16:10:53,977 - trading_system - INFO - [CRVUSDT] 当前RSI: 49.52, 价格: 1.0352
2025-07-18 16:10:54,409 - trading_system - INFO - [ACHUSDT] 当前RSI: 38.12, 价格: 0.02365
2025-07-18 16:10:55,835 - trading_system - INFO - [ACHUSDT] 当前RSI: 38.12, 价格: 0.02365
2025-07-18 16:10:55,878 - trading_system - INFO - [CRVUSDT] 当前RSI: 49.52, 价格: 1.0352
2025-07-18 16:10:55,912 - trading_system - INFO - [ONDOUSDT] 当前RSI: 38.07, 价格: 1.0565
2025-07-18 16:10:57,817 - trading_system - INFO - [ACHUSDT] 当前RSI: 38.12, 价格: 0.02365
2025-07-18 16:10:57,832 - trading_system - INFO - [ONDOUSDT] 当前RSI: 38.07, 价格: 1.0565
2025-07-18 16:10:57,917 - trading_system - INFO - [CRVUSDT] 当前RSI: 49.52, 价格: 1.0352
2025-07-18 16:10:59,844 - trading_system - INFO - [ACHUSDT] 当前RSI: 38.12, 价格: 0.02365
2025-07-18 16:10:59,855 - trading_system - INFO - [ONDOUSDT] 当前RSI: 38.07, 价格: 1.0565
2025-07-18 16:10:59,912 - trading_system - INFO - [CRVUSDT] 当前RSI: 49.52, 价格: 1.0352
2025-07-18 16:11:01,837 - trading_system - INFO - [ACHUSDT] 当前RSI: 38.12, 价格: 0.02365
2025-07-18 16:11:01,922 - trading_system - INFO - [ONDOUSDT] 当前RSI: 38.07, 价格: 1.0565
2025-07-18 16:11:02,143 - trading_system - INFO - [CRVUSDT] 当前RSI: 49.52, 价格: 1.0352
2025-07-18 16:11:03,831 - trading_system - INFO - [CRVUSDT] 当前RSI: 49.52, 价格: 1.0352
2025-07-18 16:11:03,911 - trading_system - INFO - [ONDOUSDT] 当前RSI: 34.03, 价格: 1.0536
2025-07-18 16:11:03,916 - trading_system - INFO - [ACHUSDT] 当前RSI: 38.12, 价格: 0.02365
2025-07-18 16:11:05,839 - trading_system - INFO - [ACHUSDT] 当前RSI: 38.12, 价格: 0.02365
2025-07-18 16:11:05,886 - trading_system - INFO - [ONDOUSDT] 当前RSI: 34.03, 价格: 1.0536
2025-07-18 16:11:06,075 - trading_system - INFO - [CRVUSDT] 当前RSI: 49.52, 价格: 1.0352
2025-07-18 16:11:07,886 - trading_system - INFO - [ACHUSDT] 当前RSI: 38.12, 价格: 0.02365
2025-07-18 16:11:07,915 - trading_system - INFO - [ONDOUSDT] 当前RSI: 34.03, 价格: 1.0536
2025-07-18 16:11:07,991 - trading_system - INFO - [CRVUSDT] 当前RSI: 49.52, 价格: 1.0352
2025-07-18 16:11:09,915 - trading_system - INFO - [ACHUSDT] 当前RSI: 38.12, 价格: 0.02365
2025-07-18 16:11:10,044 - trading_system - INFO - [ONDOUSDT] 当前RSI: 34.03, 价格: 1.0536
2025-07-18 16:11:10,073 - trading_system - INFO - [CRVUSDT] 当前RSI: 49.52, 价格: 1.0352
2025-07-18 16:11:11,996 - trading_system - INFO - [ACHUSDT] 当前RSI: 38.12, 价格: 0.02365
2025-07-18 16:11:12,042 - trading_system - INFO - [ONDOUSDT] 当前RSI: 34.03, 价格: 1.0536
2025-07-18 16:11:13,031 - trading_system - INFO - [CRVUSDT] 当前RSI: 49.52, 价格: 1.0352
2025-07-18 16:11:13,912 - trading_system - INFO - [CRVUSDT] 当前RSI: 49.52, 价格: 1.0352
2025-07-18 16:11:14,075 - trading_system - INFO - [ACHUSDT] 当前RSI: 38.12, 价格: 0.02365
2025-07-18 16:11:14,216 - trading_system - INFO - [ONDOUSDT] 当前RSI: 34.03, 价格: 1.0536
2025-07-18 16:11:15,826 - trading_system - INFO - [ACHUSDT] 当前RSI: 38.12, 价格: 0.02365
2025-07-18 16:11:15,874 - trading_system - INFO - [ONDOUSDT] 当前RSI: 34.03, 价格: 1.0536
2025-07-18 16:11:16,014 - trading_system - INFO - [CRVUSDT] 当前RSI: 49.52, 价格: 1.0352
2025-07-18 16:11:17,836 - trading_system - INFO - [ACHUSDT] 当前RSI: 38.12, 价格: 0.02365
2025-07-18 16:11:17,883 - trading_system - INFO - [ONDOUSDT] 当前RSI: 34.03, 价格: 1.0536
2025-07-18 16:11:18,871 - trading_system - INFO - [CRVUSDT] 当前RSI: 49.52, 价格: 1.0352
2025-07-18 16:11:19,822 - trading_system - INFO - [ACHUSDT] 当前RSI: 38.12, 价格: 0.02365
2025-07-18 16:11:19,899 - trading_system - INFO - [ONDOUSDT] 当前RSI: 34.03, 价格: 1.0536
2025-07-18 16:11:20,003 - trading_system - INFO - [CRVUSDT] 当前RSI: 49.52, 价格: 1.0352
2025-07-18 16:11:21,829 - trading_system - INFO - [ONDOUSDT] 当前RSI: 34.03, 价格: 1.0536
2025-07-18 16:11:21,851 - trading_system - INFO - [CRVUSDT] 当前RSI: 49.52, 价格: 1.0352
2025-07-18 16:11:22,394 - trading_system - INFO - [ACHUSDT] 当前RSI: 38.12, 价格: 0.02365
2025-07-18 16:11:23,793 - trading_system - INFO - [ACHUSDT] 当前RSI: 38.12, 价格: 0.02365
2025-07-18 16:11:23,839 - trading_system - INFO - [ONDOUSDT] 当前RSI: 34.03, 价格: 1.0536
2025-07-18 16:11:23,941 - trading_system - INFO - [CRVUSDT] 当前RSI: 49.52, 价格: 1.0352
2025-07-18 16:11:25,873 - trading_system - INFO - [ACHUSDT] 当前RSI: 38.12, 价格: 0.02365
2025-07-18 16:11:25,895 - trading_system - INFO - [ONDOUSDT] 当前RSI: 34.03, 价格: 1.0536
2025-07-18 16:11:25,991 - trading_system - INFO - [CRVUSDT] 当前RSI: 49.52, 价格: 1.0352
2025-07-18 16:11:27,831 - trading_system - INFO - [ACHUSDT] 当前RSI: 38.12, 价格: 0.02365
2025-07-18 16:11:27,960 - trading_system - INFO - [CRVUSDT] 当前RSI: 49.68, 价格: 1.0353
2025-07-18 16:11:28,249 - trading_system - INFO - [ONDOUSDT] 当前RSI: 34.03, 价格: 1.0536
2025-07-18 16:11:29,816 - trading_system - INFO - [ACHUSDT] 当前RSI: 38.12, 价格: 0.02365
2025-07-18 16:11:29,822 - trading_system - INFO - [ONDOUSDT] 当前RSI: 34.03, 价格: 1.0536
2025-07-18 16:11:30,022 - trading_system - INFO - [CRVUSDT] 当前RSI: 49.68, 价格: 1.0353
2025-07-18 16:11:31,835 - trading_system - INFO - [ACHUSDT] 当前RSI: 38.12, 价格: 0.02365
2025-07-18 16:11:31,847 - trading_system - INFO - [CRVUSDT] 当前RSI: 51.48, 价格: 1.0364
2025-07-18 16:11:32,332 - trading_system - INFO - [ONDOUSDT] 当前RSI: 34.17, 价格: 1.0537
2025-07-18 16:11:33,834 - trading_system - INFO - [ACHUSDT] 当前RSI: 38.12, 价格: 0.02365
2025-07-18 16:11:33,847 - trading_system - INFO - [ONDOUSDT] 当前RSI: 34.17, 价格: 1.0537
2025-07-18 16:11:33,940 - trading_system - INFO - [CRVUSDT] 当前RSI: 51.48, 价格: 1.0364
2025-07-18 16:11:35,886 - trading_system - INFO - [CRVUSDT] 当前RSI: 51.48, 价格: 1.0364
2025-07-18 16:11:35,977 - trading_system - INFO - [ONDOUSDT] 当前RSI: 34.17, 价格: 1.0537
2025-07-18 16:11:35,991 - trading_system - INFO - [ACHUSDT] 当前RSI: 38.12, 价格: 0.02365
2025-07-18 16:11:38,057 - trading_system - INFO - [ONDOUSDT] 当前RSI: 34.17, 价格: 1.0537
2025-07-18 16:11:38,152 - trading_system - INFO - [CRVUSDT] 当前RSI: 51.48, 价格: 1.0364
2025-07-18 16:11:38,363 - trading_system - INFO - [ACHUSDT] 当前RSI: 38.12, 价格: 0.02365
2025-07-18 16:11:39,991 - trading_system - INFO - [ACHUSDT] 当前RSI: 38.12, 价格: 0.02365
2025-07-18 16:11:40,042 - trading_system - INFO - [CRVUSDT] 当前RSI: 51.48, 价格: 1.0364
2025-07-18 16:11:40,056 - trading_system - INFO - [ONDOUSDT] 当前RSI: 34.17, 价格: 1.0537
2025-07-18 16:11:41,850 - trading_system - INFO - [ACHUSDT] 当前RSI: 38.12, 价格: 0.02365
2025-07-18 16:11:41,854 - trading_system - INFO - [CRVUSDT] 当前RSI: 51.48, 价格: 1.0364
2025-07-18 16:11:41,951 - trading_system - INFO - [ONDOUSDT] 当前RSI: 34.17, 价格: 1.0537
2025-07-18 16:11:43,806 - trading_system - INFO - [ACHUSDT] 当前RSI: 38.12, 价格: 0.02365
2025-07-18 16:11:43,898 - trading_system - INFO - [ONDOUSDT] 当前RSI: 34.17, 价格: 1.0537
2025-07-18 16:11:43,933 - trading_system - INFO - [CRVUSDT] 当前RSI: 51.48, 价格: 1.0364
2025-07-18 16:11:45,805 - trading_system - INFO - [ACHUSDT] 当前RSI: 38.12, 价格: 0.02365
2025-07-18 16:11:45,837 - trading_system - INFO - [ONDOUSDT] 当前RSI: 34.17, 价格: 1.0537
2025-07-18 16:11:46,344 - trading_system - INFO - [CRVUSDT] 当前RSI: 51.48, 价格: 1.0364
2025-07-18 16:11:47,784 - trading_system - INFO - [ACHUSDT] 当前RSI: 38.12, 价格: 0.02365
2025-07-18 16:11:47,886 - trading_system - INFO - [ONDOUSDT] 当前RSI: 34.17, 价格: 1.0537
2025-07-18 16:11:47,901 - trading_system - INFO - [CRVUSDT] 当前RSI: 51.48, 价格: 1.0364
2025-07-18 16:11:49,818 - trading_system - INFO - [ONDOUSDT] 当前RSI: 34.17, 价格: 1.0537
2025-07-18 16:11:49,822 - trading_system - INFO - [CRVUSDT] 当前RSI: 51.48, 价格: 1.0364
2025-07-18 16:11:49,886 - trading_system - INFO - [ACHUSDT] 当前RSI: 38.12, 价格: 0.02365
2025-07-18 16:11:51,932 - trading_system - INFO - [ACHUSDT] 当前RSI: 38.12, 价格: 0.02365
2025-07-18 16:11:52,663 - trading_system - INFO - [ONDOUSDT] 当前RSI: 34.17, 价格: 1.0537
2025-07-18 16:11:52,704 - trading_system - INFO - [CRVUSDT] 当前RSI: 51.48, 价格: 1.0364
2025-07-18 16:11:53,844 - trading_system - INFO - [ONDOUSDT] 当前RSI: 35.05, 价格: 1.0543
2025-07-18 16:11:53,860 - trading_system - INFO - [CRVUSDT] 当前RSI: 51.48, 价格: 1.0364
2025-07-18 16:11:53,913 - trading_system - INFO - [ACHUSDT] 当前RSI: 38.12, 价格: 0.02365
2025-07-18 16:11:55,803 - trading_system - INFO - [ONDOUSDT] 当前RSI: 35.05, 价格: 1.0543
2025-07-18 16:11:55,897 - trading_system - INFO - [ACHUSDT] 当前RSI: 38.12, 价格: 0.02365
2025-07-18 16:11:55,912 - trading_system - INFO - [CRVUSDT] 当前RSI: 51.48, 价格: 1.0364
2025-07-18 16:11:57,896 - trading_system - INFO - [ACHUSDT] 当前RSI: 38.12, 价格: 0.02365
2025-07-18 16:11:57,902 - trading_system - INFO - [ONDOUSDT] 当前RSI: 35.05, 价格: 1.0543
2025-07-18 16:11:57,992 - trading_system - INFO - [CRVUSDT] 当前RSI: 51.48, 价格: 1.0364
2025-07-18 16:11:59,813 - trading_system - INFO - [ONDOUSDT] 当前RSI: 35.05, 价格: 1.0543
2025-07-18 16:11:59,823 - trading_system - INFO - [ACHUSDT] 当前RSI: 38.12, 价格: 0.02365
2025-07-18 16:11:59,959 - trading_system - INFO - [CRVUSDT] 当前RSI: 51.48, 价格: 1.0364
2025-07-18 16:12:01,807 - trading_system - INFO - [ONDOUSDT] 当前RSI: 35.05, 价格: 1.0543
2025-07-18 16:12:01,849 - trading_system - INFO - [CRVUSDT] 当前RSI: 51.48, 价格: 1.0364
2025-07-18 16:12:01,940 - trading_system - INFO - [ACHUSDT] 当前RSI: 38.12, 价格: 0.02365
2025-07-18 16:12:03,884 - trading_system - INFO - [ONDOUSDT] 当前RSI: 35.05, 价格: 1.0543
2025-07-18 16:12:03,894 - trading_system - INFO - [CRVUSDT] 当前RSI: 51.48, 价格: 1.0364
2025-07-18 16:12:03,992 - trading_system - INFO - [ACHUSDT] 当前RSI: 38.12, 价格: 0.02365
2025-07-18 16:12:05,901 - trading_system - INFO - [ONDOUSDT] 当前RSI: 35.05, 价格: 1.0543
2025-07-18 16:12:05,913 - trading_system - INFO - [CRVUSDT] 当前RSI: 51.48, 价格: 1.0364
2025-07-18 16:12:06,471 - trading_system - INFO - [ACHUSDT] 当前RSI: 38.12, 价格: 0.02365
2025-07-18 16:12:07,983 - trading_system - INFO - [ONDOUSDT] 当前RSI: 35.05, 价格: 1.0543
2025-07-18 16:12:08,058 - trading_system - INFO - [ACHUSDT] 当前RSI: 38.12, 价格: 0.02365
2025-07-18 16:12:08,152 - trading_system - INFO - [CRVUSDT] 当前RSI: 51.48, 价格: 1.0364
2025-07-18 16:12:09,989 - trading_system - INFO - [ACHUSDT] 当前RSI: 38.12, 价格: 0.02365
2025-07-18 16:12:10,055 - trading_system - INFO - [ONDOUSDT] 当前RSI: 35.05, 价格: 1.0543
2025-07-18 16:12:10,150 - trading_system - INFO - [CRVUSDT] 当前RSI: 51.48, 价格: 1.0364
2025-07-18 16:12:11,962 - trading_system - INFO - [ACHUSDT] 当前RSI: 38.12, 价格: 0.02365
2025-07-18 16:12:11,993 - trading_system - INFO - [CRVUSDT] 当前RSI: 52.00, 价格: 1.0367
2025-07-18 16:12:12,073 - trading_system - INFO - [ONDOUSDT] 当前RSI: 35.90, 价格: 1.0549
2025-07-18 16:12:13,884 - trading_system - INFO - [ACHUSDT] 当前RSI: 37.16, 价格: 0.02364
2025-07-18 16:12:13,897 - trading_system - INFO - [CRVUSDT] 当前RSI: 52.00, 价格: 1.0367
2025-07-18 16:12:13,991 - trading_system - INFO - [ONDOUSDT] 当前RSI: 35.90, 价格: 1.0549
2025-07-18 16:12:15,803 - trading_system - INFO - [ACHUSDT] 当前RSI: 37.16, 价格: 0.02364
2025-07-18 16:12:15,838 - trading_system - INFO - [ONDOUSDT] 当前RSI: 35.90, 价格: 1.0549
2025-07-18 16:12:16,071 - trading_system - INFO - [CRVUSDT] 当前RSI: 52.00, 价格: 1.0367
2025-07-18 16:12:17,768 - trading_system - INFO - [ACHUSDT] 当前RSI: 37.16, 价格: 0.02364
2025-07-18 16:12:17,815 - trading_system - INFO - [ONDOUSDT] 当前RSI: 35.90, 价格: 1.0549
2025-07-18 16:12:17,937 - trading_system - INFO - [CRVUSDT] 当前RSI: 52.00, 价格: 1.0367
2025-07-18 16:12:19,803 - trading_system - INFO - [ACHUSDT] 当前RSI: 37.16, 价格: 0.02364
2025-07-18 16:12:19,822 - trading_system - INFO - [CRVUSDT] 当前RSI: 52.00, 价格: 1.0367
2025-07-18 16:12:19,911 - trading_system - INFO - [ONDOUSDT] 当前RSI: 35.90, 价格: 1.0549
2025-07-18 16:12:21,781 - trading_system - INFO - [ACHUSDT] 当前RSI: 37.16, 价格: 0.02364
2025-07-18 16:12:21,803 - trading_system - INFO - [ONDOUSDT] 当前RSI: 35.90, 价格: 1.0549
2025-07-18 16:12:21,911 - trading_system - INFO - [CRVUSDT] 当前RSI: 52.00, 价格: 1.0367
2025-07-18 16:12:23,896 - trading_system - INFO - [ONDOUSDT] 当前RSI: 35.90, 价格: 1.0549
2025-07-18 16:12:23,907 - trading_system - INFO - [ACHUSDT] 当前RSI: 37.16, 价格: 0.02364
2025-07-18 16:12:23,990 - trading_system - INFO - [CRVUSDT] 当前RSI: 52.00, 价格: 1.0367
2025-07-18 16:12:25,820 - trading_system - INFO - [ACHUSDT] 当前RSI: 37.16, 价格: 0.02364
2025-07-18 16:12:25,838 - trading_system - INFO - [ONDOUSDT] 当前RSI: 36.18, 价格: 1.0551
2025-07-18 16:12:25,932 - trading_system - INFO - [CRVUSDT] 当前RSI: 52.00, 价格: 1.0367
2025-07-18 16:12:27,816 - trading_system - INFO - [ACHUSDT] 当前RSI: 37.16, 价格: 0.02364
2025-07-18 16:12:27,822 - trading_system - INFO - [ONDOUSDT] 当前RSI: 36.18, 价格: 1.0551
2025-07-18 16:12:27,932 - trading_system - INFO - [CRVUSDT] 当前RSI: 52.00, 价格: 1.0367
2025-07-18 16:12:29,768 - trading_system - INFO - [ACHUSDT] 当前RSI: 37.16, 价格: 0.02364
2025-07-18 16:12:29,816 - trading_system - INFO - [ONDOUSDT] 当前RSI: 36.18, 价格: 1.0551
2025-07-18 16:12:29,905 - trading_system - INFO - [CRVUSDT] 当前RSI: 52.00, 价格: 1.0367
2025-07-18 16:12:31,807 - trading_system - INFO - [ONDOUSDT] 当前RSI: 36.18, 价格: 1.0551
2025-07-18 16:12:31,825 - trading_system - INFO - [ACHUSDT] 当前RSI: 37.16, 价格: 0.02364
2025-07-18 16:12:31,898 - trading_system - INFO - [CRVUSDT] 当前RSI: 52.00, 价格: 1.0367
2025-07-18 16:12:33,777 - trading_system - INFO - [ACHUSDT] 当前RSI: 37.16, 价格: 0.02364
2025-07-18 16:12:33,806 - trading_system - INFO - [ONDOUSDT] 当前RSI: 36.18, 价格: 1.0551
2025-07-18 16:12:34,393 - trading_system - INFO - [CRVUSDT] 当前RSI: 52.00, 价格: 1.0367
2025-07-18 16:12:35,805 - trading_system - INFO - [ACHUSDT] 当前RSI: 37.16, 价格: 0.02364
2025-07-18 16:12:35,835 - trading_system - INFO - [CRVUSDT] 当前RSI: 52.00, 价格: 1.0367
2025-07-18 16:12:35,995 - trading_system - INFO - [ONDOUSDT] 当前RSI: 36.18, 价格: 1.0551
2025-07-18 16:12:37,818 - trading_system - INFO - [ACHUSDT] 当前RSI: 37.16, 价格: 0.02364
2025-07-18 16:12:37,821 - trading_system - INFO - [ONDOUSDT] 当前RSI: 36.18, 价格: 1.0551
2025-07-18 16:12:37,851 - trading_system - INFO - [CRVUSDT] 当前RSI: 52.00, 价格: 1.0367
2025-07-18 16:12:39,975 - trading_system - INFO - [ACHUSDT] 当前RSI: 37.16, 价格: 0.02364
2025-07-18 16:12:40,061 - trading_system - INFO - [ONDOUSDT] 当前RSI: 36.18, 价格: 1.0551
2025-07-18 16:12:40,091 - trading_system - INFO - [CRVUSDT] 当前RSI: 52.00, 价格: 1.0367
2025-07-18 16:12:41,897 - trading_system - INFO - [ACHUSDT] 当前RSI: 37.16, 价格: 0.02364
2025-07-18 16:12:41,963 - trading_system - INFO - [ONDOUSDT] 当前RSI: 36.18, 价格: 1.0551
2025-07-18 16:12:41,993 - trading_system - INFO - [CRVUSDT] 当前RSI: 52.00, 价格: 1.0367
2025-07-18 16:12:43,772 - trading_system - INFO - [ACHUSDT] 当前RSI: 37.16, 价格: 0.02364
2025-07-18 16:12:43,795 - trading_system - INFO - [CRVUSDT] 当前RSI: 52.00, 价格: 1.0367
2025-07-18 16:12:43,856 - trading_system - INFO - [ONDOUSDT] 当前RSI: 36.18, 价格: 1.0551
2025-07-18 16:12:45,765 - trading_system - INFO - [ACHUSDT] 当前RSI: 37.16, 价格: 0.02364
2025-07-18 16:12:45,852 - trading_system - INFO - [CRVUSDT] 当前RSI: 52.00, 价格: 1.0367
2025-07-18 16:12:45,909 - trading_system - INFO - [ONDOUSDT] 当前RSI: 36.18, 价格: 1.0551
2025-07-18 16:12:47,781 - trading_system - INFO - [ACHUSDT] 当前RSI: 37.16, 价格: 0.02364
2025-07-18 16:12:47,819 - trading_system - INFO - [CRVUSDT] 当前RSI: 52.00, 价格: 1.0367
2025-07-18 16:12:47,856 - trading_system - INFO - [ONDOUSDT] 当前RSI: 36.18, 价格: 1.0551
2025-07-18 16:12:49,764 - trading_system - INFO - [ACHUSDT] 当前RSI: 37.16, 价格: 0.02364
2025-07-18 16:12:49,815 - trading_system - INFO - [ONDOUSDT] 当前RSI: 36.18, 价格: 1.0551
2025-07-18 16:12:49,852 - trading_system - INFO - [CRVUSDT] 当前RSI: 52.00, 价格: 1.0367
2025-07-18 16:12:51,896 - trading_system - INFO - [CRVUSDT] 当前RSI: 52.00, 价格: 1.0367
2025-07-18 16:12:51,900 - trading_system - INFO - [ONDOUSDT] 当前RSI: 36.18, 价格: 1.0551
2025-07-18 16:12:51,909 - trading_system - INFO - [ACHUSDT] 当前RSI: 37.16, 价格: 0.02364
2025-07-18 16:12:53,754 - trading_system - INFO - [ACHUSDT] 当前RSI: 37.16, 价格: 0.02364
2025-07-18 16:12:53,822 - trading_system - INFO - [ONDOUSDT] 当前RSI: 36.73, 价格: 1.0555
2025-07-18 16:12:53,914 - trading_system - INFO - [CRVUSDT] 当前RSI: 52.70, 价格: 1.0371
2025-07-18 16:12:55,828 - trading_system - INFO - [ACHUSDT] 当前RSI: 37.16, 价格: 0.02364
2025-07-18 16:12:55,904 - trading_system - INFO - [ONDOUSDT] 当前RSI: 36.73, 价格: 1.0555
2025-07-18 16:12:55,990 - trading_system - INFO - [CRVUSDT] 当前RSI: 52.70, 价格: 1.0371
2025-07-18 16:12:57,805 - trading_system - INFO - [ACHUSDT] 当前RSI: 37.16, 价格: 0.02364
2025-07-18 16:12:57,814 - trading_system - INFO - [ONDOUSDT] 当前RSI: 36.73, 价格: 1.0555
2025-07-18 16:12:57,912 - trading_system - INFO - [CRVUSDT] 当前RSI: 52.70, 价格: 1.0371
2025-07-18 16:12:59,752 - trading_system - INFO - [ACHUSDT] 当前RSI: 37.16, 价格: 0.02364
2025-07-18 16:12:59,817 - trading_system - INFO - [ONDOUSDT] 当前RSI: 36.73, 价格: 1.0555
2025-07-18 16:12:59,838 - trading_system - INFO - [CRVUSDT] 当前RSI: 52.70, 价格: 1.0371
2025-07-18 16:13:01,852 - trading_system - INFO - [ONDOUSDT] 当前RSI: 36.73, 价格: 1.0555
2025-07-18 16:13:02,135 - trading_system - INFO - [CRVUSDT] 当前RSI: 52.70, 价格: 1.0371
2025-07-18 16:13:02,170 - trading_system - INFO - [ACHUSDT] 当前RSI: 37.16, 价格: 0.02364
2025-07-18 16:13:03,822 - trading_system - INFO - [ONDOUSDT] 当前RSI: 36.73, 价格: 1.0555
2025-07-18 16:13:03,830 - trading_system - INFO - [ACHUSDT] 当前RSI: 37.16, 价格: 0.02364
2025-07-18 16:13:03,908 - trading_system - INFO - [CRVUSDT] 当前RSI: 52.70, 价格: 1.0371
2025-07-18 16:13:05,802 - trading_system - INFO - [ACHUSDT] 当前RSI: 37.16, 价格: 0.02364
2025-07-18 16:13:05,861 - trading_system - INFO - [CRVUSDT] 当前RSI: 52.70, 价格: 1.0371
2025-07-18 16:13:05,896 - trading_system - INFO - [ONDOUSDT] 当前RSI: 36.87, 价格: 1.0556
2025-07-18 16:13:07,822 - trading_system - INFO - [ONDOUSDT] 当前RSI: 36.87, 价格: 1.0556
2025-07-18 16:13:07,858 - trading_system - INFO - [ACHUSDT] 当前RSI: 37.16, 价格: 0.02364
2025-07-18 16:13:08,295 - trading_system - INFO - [CRVUSDT] 当前RSI: 52.70, 价格: 1.0371
2025-07-18 16:13:09,902 - trading_system - INFO - [ACHUSDT] 当前RSI: 37.16, 价格: 0.02364
2025-07-18 16:13:10,013 - trading_system - INFO - [CRVUSDT] 当前RSI: 52.70, 价格: 1.0371
2025-07-18 16:13:10,054 - trading_system - INFO - [ONDOUSDT] 当前RSI: 36.87, 价格: 1.0556
2025-07-18 16:13:11,972 - trading_system - INFO - [ONDOUSDT] 当前RSI: 36.87, 价格: 1.0556
2025-07-18 16:13:12,157 - trading_system - INFO - [CRVUSDT] 当前RSI: 52.70, 价格: 1.0371
2025-07-18 16:13:12,455 - trading_system - INFO - [ACHUSDT] 当前RSI: 37.16, 价格: 0.02364
2025-07-18 16:13:13,965 - trading_system - INFO - [ACHUSDT] 当前RSI: 37.16, 价格: 0.02364
2025-07-18 16:13:14,009 - trading_system - INFO - [ONDOUSDT] 当前RSI: 36.87, 价格: 1.0556
2025-07-18 16:13:14,134 - trading_system - INFO - [CRVUSDT] 当前RSI: 52.70, 价格: 1.0371
2025-07-18 16:13:15,800 - trading_system - INFO - [ONDOUSDT] 当前RSI: 36.87, 价格: 1.0556
2025-07-18 16:13:15,805 - trading_system - INFO - [ACHUSDT] 当前RSI: 37.16, 价格: 0.02364
2025-07-18 16:13:15,849 - trading_system - INFO - [CRVUSDT] 当前RSI: 52.70, 价格: 1.0371
2025-07-18 16:13:17,831 - trading_system - INFO - [ACHUSDT] 当前RSI: 37.16, 价格: 0.02364
2025-07-18 16:13:17,895 - trading_system - INFO - [CRVUSDT] 当前RSI: 54.00, 价格: 1.0379
2025-07-18 16:13:17,899 - trading_system - INFO - [ONDOUSDT] 当前RSI: 36.32, 价格: 1.0552
2025-07-18 16:13:19,824 - trading_system - INFO - [ONDOUSDT] 当前RSI: 36.32, 价格: 1.0552
2025-07-18 16:13:19,830 - trading_system - INFO - [ACHUSDT] 当前RSI: 37.16, 价格: 0.02364
2025-07-18 16:13:19,849 - trading_system - INFO - [CRVUSDT] 当前RSI: 54.00, 价格: 1.0379
2025-07-18 16:13:21,936 - trading_system - INFO - [ONDOUSDT] 当前RSI: 36.32, 价格: 1.0552
2025-07-18 16:13:21,939 - trading_system - INFO - [ACHUSDT] 当前RSI: 37.16, 价格: 0.02364
2025-07-18 16:13:22,041 - trading_system - INFO - [CRVUSDT] 当前RSI: 54.61, 价格: 1.0383
2025-07-18 16:13:23,860 - trading_system - INFO - [CRVUSDT] 当前RSI: 54.61, 价格: 1.0383
2025-07-18 16:13:23,864 - trading_system - INFO - [ACHUSDT] 当前RSI: 37.16, 价格: 0.02364
2025-07-18 16:13:23,873 - trading_system - INFO - [ONDOUSDT] 当前RSI: 36.32, 价格: 1.0552
2025-07-18 16:13:25,895 - trading_system - INFO - [ACHUSDT] 当前RSI: 37.16, 价格: 0.02364
2025-07-18 16:13:25,901 - trading_system - INFO - [CRVUSDT] 当前RSI: 54.61, 价格: 1.0383
2025-07-18 16:13:25,933 - trading_system - INFO - [ONDOUSDT] 当前RSI: 36.32, 价格: 1.0552
2025-07-18 16:13:27,837 - trading_system - INFO - [ACHUSDT] 当前RSI: 37.16, 价格: 0.02364
2025-07-18 16:13:27,881 - trading_system - INFO - [CRVUSDT] 当前RSI: 54.61, 价格: 1.0383
2025-07-18 16:13:27,912 - trading_system - INFO - [ONDOUSDT] 当前RSI: 36.32, 价格: 1.0552
2025-07-18 16:13:29,978 - trading_system - INFO - [CRVUSDT] 当前RSI: 54.61, 价格: 1.0383
2025-07-18 16:13:29,997 - trading_system - INFO - [ACHUSDT] 当前RSI: 37.16, 价格: 0.02364
2025-07-18 16:13:30,074 - trading_system - INFO - [ONDOUSDT] 当前RSI: 36.32, 价格: 1.0552
2025-07-18 16:13:31,802 - trading_system - INFO - [ACHUSDT] 当前RSI: 37.16, 价格: 0.02364
2025-07-18 16:13:31,848 - trading_system - INFO - [CRVUSDT] 当前RSI: 54.61, 价格: 1.0383
2025-07-18 16:13:31,855 - trading_system - INFO - [ONDOUSDT] 当前RSI: 36.32, 价格: 1.0552
2025-07-18 16:13:34,363 - trading_system - INFO - [ACHUSDT] 当前RSI: 37.16, 价格: 0.02364
2025-07-18 16:13:34,409 - trading_system - INFO - [ONDOUSDT] 当前RSI: 36.32, 价格: 1.0552
2025-07-18 16:13:34,434 - trading_system - INFO - [CRVUSDT] 当前RSI: 54.61, 价格: 1.0383
2025-07-18 16:13:35,966 - trading_system - INFO - [ACHUSDT] 当前RSI: 37.16, 价格: 0.02364
2025-07-18 16:13:36,134 - trading_system - INFO - [CRVUSDT] 当前RSI: 54.61, 价格: 1.0383
2025-07-18 16:13:36,230 - trading_system - INFO - [ONDOUSDT] 当前RSI: 36.32, 价格: 1.0552
2025-07-18 16:13:38,055 - trading_system - INFO - [ACHUSDT] 当前RSI: 37.16, 价格: 0.02364
2025-07-18 16:13:38,092 - trading_system - INFO - [CRVUSDT] 当前RSI: 54.61, 价格: 1.0383
2025-07-18 16:13:38,124 - trading_system - INFO - [ONDOUSDT] 当前RSI: 36.32, 价格: 1.0552
2025-07-18 16:13:40,222 - trading_system - INFO - [ONDOUSDT] 当前RSI: 36.32, 价格: 1.0552
2025-07-18 16:13:40,314 - trading_system - INFO - [ACHUSDT] 当前RSI: 37.16, 价格: 0.02364
2025-07-18 16:13:40,317 - trading_system - INFO - [CRVUSDT] 当前RSI: 54.61, 价格: 1.0383
2025-07-18 16:13:41,806 - trading_system - INFO - [ACHUSDT] 当前RSI: 37.16, 价格: 0.02364
2025-07-18 16:13:41,850 - trading_system - INFO - [ONDOUSDT] 当前RSI: 36.32, 价格: 1.0552
2025-07-18 16:13:41,913 - trading_system - INFO - [CRVUSDT] 当前RSI: 54.61, 价格: 1.0383
2025-07-18 16:13:43,759 - trading_system - INFO - [ACHUSDT] 当前RSI: 37.16, 价格: 0.02364
2025-07-18 16:13:43,834 - trading_system - INFO - [ONDOUSDT] 当前RSI: 35.90, 价格: 1.0549
2025-07-18 16:13:43,852 - trading_system - INFO - [CRVUSDT] 当前RSI: 54.61, 价格: 1.0383
2025-07-18 16:13:45,754 - trading_system - INFO - [ACHUSDT] 当前RSI: 36.18, 价格: 0.02363
2025-07-18 16:13:45,871 - trading_system - INFO - [CRVUSDT] 当前RSI: 54.61, 价格: 1.0383
2025-07-18 16:13:45,896 - trading_system - INFO - [ONDOUSDT] 当前RSI: 35.90, 价格: 1.0549
2025-07-18 16:13:47,829 - trading_system - INFO - [ONDOUSDT] 当前RSI: 35.90, 价格: 1.0549
2025-07-18 16:13:47,833 - trading_system - INFO - [ACHUSDT] 当前RSI: 36.18, 价格: 0.02363
2025-07-18 16:13:47,848 - trading_system - INFO - [CRVUSDT] 当前RSI: 54.61, 价格: 1.0383
2025-07-18 16:13:49,819 - trading_system - INFO - [ONDOUSDT] 当前RSI: 35.90, 价格: 1.0549
2025-07-18 16:13:49,913 - trading_system - INFO - [ACHUSDT] 当前RSI: 36.18, 价格: 0.02363
2025-07-18 16:13:50,651 - trading_system - INFO - [CRVUSDT] 当前RSI: 54.61, 价格: 1.0383
2025-07-18 16:13:51,808 - trading_system - INFO - [ACHUSDT] 当前RSI: 36.18, 价格: 0.02363
2025-07-18 16:13:51,825 - trading_system - INFO - [CRVUSDT] 当前RSI: 54.61, 价格: 1.0383
2025-07-18 16:13:51,891 - trading_system - INFO - [ONDOUSDT] 当前RSI: 35.90, 价格: 1.0549
2025-07-18 16:13:53,789 - trading_system - INFO - [ACHUSDT] 当前RSI: 36.18, 价格: 0.02363
2025-07-18 16:13:53,802 - trading_system - INFO - [ONDOUSDT] 当前RSI: 35.34, 价格: 1.0545
2025-07-18 16:13:53,835 - trading_system - INFO - [CRVUSDT] 当前RSI: 54.61, 价格: 1.0383
2025-07-18 16:13:55,828 - trading_system - INFO - [ACHUSDT] 当前RSI: 36.18, 价格: 0.02363
2025-07-18 16:13:55,893 - trading_system - INFO - [CRVUSDT] 当前RSI: 54.61, 价格: 1.0383
2025-07-18 16:13:55,898 - trading_system - INFO - [ONDOUSDT] 当前RSI: 35.34, 价格: 1.0545
2025-07-18 16:13:57,802 - trading_system - INFO - [ACHUSDT] 当前RSI: 36.18, 价格: 0.02363
2025-07-18 16:13:57,849 - trading_system - INFO - [CRVUSDT] 当前RSI: 54.61, 价格: 1.0383
2025-07-18 16:13:57,857 - trading_system - INFO - [ONDOUSDT] 当前RSI: 35.34, 价格: 1.0545
2025-07-18 16:13:59,808 - trading_system - INFO - [ONDOUSDT] 当前RSI: 35.34, 价格: 1.0545
2025-07-18 16:13:59,842 - trading_system - INFO - [CRVUSDT] 当前RSI: 54.61, 价格: 1.0383
2025-07-18 16:13:59,850 - trading_system - INFO - [ACHUSDT] 当前RSI: 36.18, 价格: 0.02363
2025-07-18 16:14:01,787 - trading_system - INFO - [ONDOUSDT] 当前RSI: 35.34, 价格: 1.0545
2025-07-18 16:14:01,796 - trading_system - INFO - [ACHUSDT] 当前RSI: 36.18, 价格: 0.02363
2025-07-18 16:14:01,834 - trading_system - INFO - [CRVUSDT] 当前RSI: 54.61, 价格: 1.0383
2025-07-18 16:14:03,744 - trading_system - INFO - [ACHUSDT] 当前RSI: 36.18, 价格: 0.02363
2025-07-18 16:14:03,817 - trading_system - INFO - [ONDOUSDT] 当前RSI: 35.34, 价格: 1.0545
2025-07-18 16:14:03,831 - trading_system - INFO - [CRVUSDT] 当前RSI: 54.61, 价格: 1.0383
2025-07-18 16:14:05,804 - trading_system - INFO - [ACHUSDT] 当前RSI: 35.16, 价格: 0.02362
2025-07-18 16:14:05,857 - trading_system - INFO - [CRVUSDT] 当前RSI: 54.61, 价格: 1.0383
2025-07-18 16:14:05,909 - trading_system - INFO - [ONDOUSDT] 当前RSI: 35.34, 价格: 1.0545
2025-07-18 16:14:07,744 - trading_system - INFO - [ACHUSDT] 当前RSI: 35.16, 价格: 0.02362
2025-07-18 16:14:07,823 - trading_system - INFO - [CRVUSDT] 当前RSI: 54.61, 价格: 1.0383
2025-07-18 16:14:07,829 - trading_system - INFO - [ONDOUSDT] 当前RSI: 35.34, 价格: 1.0545
2025-07-18 16:14:09,818 - trading_system - INFO - [ACHUSDT] 当前RSI: 35.16, 价格: 0.02362
2025-07-18 16:14:09,827 - trading_system - INFO - [ONDOUSDT] 当前RSI: 35.34, 价格: 1.0545
2025-07-18 16:14:09,857 - trading_system - INFO - [CRVUSDT] 当前RSI: 54.61, 价格: 1.0383
2025-07-18 16:14:11,893 - trading_system - INFO - [ACHUSDT] 当前RSI: 35.16, 价格: 0.02362
2025-07-18 16:14:11,895 - trading_system - INFO - [ONDOUSDT] 当前RSI: 35.34, 价格: 1.0545
2025-07-18 16:14:11,927 - trading_system - INFO - [CRVUSDT] 当前RSI: 55.49, 价格: 1.0389
2025-07-18 16:14:14,621 - trading_system - INFO - [CRVUSDT] 当前RSI: 55.49, 价格: 1.0389
2025-07-18 16:14:14,694 - trading_system - INFO - [ACHUSDT] 当前RSI: 35.16, 价格: 0.02362
2025-07-18 16:14:14,708 - trading_system - INFO - [ONDOUSDT] 当前RSI: 35.34, 价格: 1.0545
2025-07-18 16:14:15,894 - trading_system - INFO - [ACHUSDT] 当前RSI: 35.16, 价格: 0.02362
2025-07-18 16:14:15,903 - trading_system - INFO - [ONDOUSDT] 当前RSI: 35.05, 价格: 1.0543
2025-07-18 16:14:16,072 - trading_system - INFO - [CRVUSDT] 当前RSI: 55.49, 价格: 1.0389
2025-07-18 16:14:17,817 - trading_system - INFO - [CRVUSDT] 当前RSI: 55.49, 价格: 1.0389
2025-07-18 16:14:17,981 - trading_system - INFO - [ACHUSDT] 当前RSI: 35.16, 价格: 0.02362
2025-07-18 16:14:18,438 - trading_system - INFO - [ONDOUSDT] 当前RSI: 35.05, 价格: 1.0543
2025-07-18 16:14:19,732 - trading_system - INFO - [ACHUSDT] 当前RSI: 35.16, 价格: 0.02362
2025-07-18 16:14:19,894 - trading_system - INFO - [CRVUSDT] 当前RSI: 55.49, 价格: 1.0389
2025-07-18 16:14:19,909 - trading_system - INFO - [ONDOUSDT] 当前RSI: 35.05, 价格: 1.0543
2025-07-18 16:14:21,801 - trading_system - INFO - [CRVUSDT] 当前RSI: 55.49, 价格: 1.0389
2025-07-18 16:14:21,861 - trading_system - INFO - [ONDOUSDT] 当前RSI: 35.05, 价格: 1.0543
2025-07-18 16:14:21,911 - trading_system - INFO - [ACHUSDT] 当前RSI: 35.16, 价格: 0.02362
2025-07-18 16:14:23,807 - trading_system - INFO - [CRVUSDT] 当前RSI: 55.49, 价格: 1.0389
2025-07-18 16:14:23,893 - trading_system - INFO - [ACHUSDT] 当前RSI: 35.16, 价格: 0.02362
2025-07-18 16:14:23,930 - trading_system - INFO - [ONDOUSDT] 当前RSI: 35.05, 价格: 1.0543
2025-07-18 16:14:25,766 - trading_system - INFO - [ONDOUSDT] 当前RSI: 35.05, 价格: 1.0543
2025-07-18 16:14:25,793 - trading_system - INFO - [ACHUSDT] 当前RSI: 35.16, 价格: 0.02362
2025-07-18 16:14:25,821 - trading_system - INFO - [CRVUSDT] 当前RSI: 55.49, 价格: 1.0389
2025-07-18 16:14:27,765 - trading_system - INFO - [ONDOUSDT] 当前RSI: 34.32, 价格: 1.0538
2025-07-18 16:14:27,780 - trading_system - INFO - [ACHUSDT] 当前RSI: 35.16, 价格: 0.02362
2025-07-18 16:14:27,830 - trading_system - INFO - [CRVUSDT] 当前RSI: 55.49, 价格: 1.0389
2025-07-18 16:14:29,754 - trading_system - INFO - [ACHUSDT] 当前RSI: 35.16, 价格: 0.02362
2025-07-18 16:14:29,829 - trading_system - INFO - [ONDOUSDT] 当前RSI: 34.32, 价格: 1.0538
2025-07-18 16:14:29,831 - trading_system - INFO - [CRVUSDT] 当前RSI: 55.49, 价格: 1.0389
2025-07-18 16:14:31,803 - trading_system - INFO - [CRVUSDT] 当前RSI: 55.49, 价格: 1.0389
2025-07-18 16:14:31,814 - trading_system - INFO - [ONDOUSDT] 当前RSI: 34.32, 价格: 1.0538
2025-07-18 16:14:31,828 - trading_system - INFO - [ACHUSDT] 当前RSI: 35.16, 价格: 0.02362
2025-07-18 16:14:33,805 - trading_system - INFO - [ACHUSDT] 当前RSI: 35.16, 价格: 0.02362
2025-07-18 16:14:33,832 - trading_system - INFO - [ONDOUSDT] 当前RSI: 34.32, 价格: 1.0538
2025-07-18 16:14:33,909 - trading_system - INFO - [CRVUSDT] 当前RSI: 55.49, 价格: 1.0389
2025-07-18 16:14:35,817 - trading_system - INFO - [ACHUSDT] 当前RSI: 35.16, 价格: 0.02362
2025-07-18 16:14:35,849 - trading_system - INFO - [ONDOUSDT] 当前RSI: 34.32, 价格: 1.0538
2025-07-18 16:14:35,893 - trading_system - INFO - [CRVUSDT] 当前RSI: 55.49, 价格: 1.0389
2025-07-18 16:14:37,802 - trading_system - INFO - [CRVUSDT] 当前RSI: 55.49, 价格: 1.0389
2025-07-18 16:14:37,831 - trading_system - INFO - [ACHUSDT] 当前RSI: 35.16, 价格: 0.02362
2025-07-18 16:14:37,839 - trading_system - INFO - [ONDOUSDT] 当前RSI: 34.32, 价格: 1.0538
2025-07-18 16:14:39,735 - trading_system - INFO - [ACHUSDT] 当前RSI: 35.16, 价格: 0.02362
2025-07-18 16:14:39,823 - trading_system - INFO - [ONDOUSDT] 当前RSI: 34.32, 价格: 1.0538
2025-07-18 16:14:39,855 - trading_system - INFO - [CRVUSDT] 当前RSI: 55.49, 价格: 1.0389
2025-07-18 16:14:41,738 - trading_system - INFO - [ACHUSDT] 当前RSI: 36.18, 价格: 0.02363
2025-07-18 16:14:41,822 - trading_system - INFO - [CRVUSDT] 当前RSI: 55.49, 价格: 1.0389
2025-07-18 16:14:41,847 - trading_system - INFO - [ONDOUSDT] 当前RSI: 34.32, 价格: 1.0538
2025-07-18 16:14:43,980 - trading_system - INFO - [ACHUSDT] 当前RSI: 36.18, 价格: 0.02363
2025-07-18 16:14:44,071 - trading_system - INFO - [ONDOUSDT] 当前RSI: 34.32, 价格: 1.0538
2025-07-18 16:14:44,149 - trading_system - INFO - [CRVUSDT] 当前RSI: 55.49, 价格: 1.0389
2025-07-18 16:14:45,961 - trading_system - INFO - [ACHUSDT] 当前RSI: 36.18, 价格: 0.02363
2025-07-18 16:14:46,054 - trading_system - INFO - [CRVUSDT] 当前RSI: 55.49, 价格: 1.0389
2025-07-18 16:14:46,543 - trading_system - INFO - [ONDOUSDT] 当前RSI: 34.32, 价格: 1.0538
2025-07-18 16:14:47,880 - trading_system - INFO - [ACHUSDT] 当前RSI: 36.18, 价格: 0.02363
2025-07-18 16:14:48,053 - trading_system - INFO - [CRVUSDT] 当前RSI: 55.49, 价格: 1.0389
2025-07-18 16:14:48,069 - trading_system - INFO - [ONDOUSDT] 当前RSI: 34.32, 价格: 1.0538
2025-07-18 16:14:49,897 - trading_system - INFO - [ONDOUSDT] 当前RSI: 34.32, 价格: 1.0538
2025-07-18 16:14:49,915 - trading_system - INFO - [ACHUSDT] 当前RSI: 36.18, 价格: 0.02363
2025-07-18 16:14:49,988 - trading_system - INFO - [CRVUSDT] 当前RSI: 55.49, 价格: 1.0389
2025-07-18 16:14:51,751 - trading_system - INFO - [ACHUSDT] 当前RSI: 36.18, 价格: 0.02363
2025-07-18 16:14:51,873 - trading_system - INFO - [ONDOUSDT] 当前RSI: 34.32, 价格: 1.0538
2025-07-18 16:14:51,903 - trading_system - INFO - [CRVUSDT] 当前RSI: 55.49, 价格: 1.0389
2025-07-18 16:14:53,801 - trading_system - INFO - [ONDOUSDT] 当前RSI: 34.32, 价格: 1.0538
2025-07-18 16:14:53,814 - trading_system - INFO - [ACHUSDT] 当前RSI: 36.18, 价格: 0.02363
2025-07-18 16:14:53,908 - trading_system - INFO - [CRVUSDT] 当前RSI: 55.49, 价格: 1.0389
2025-07-18 16:14:55,744 - trading_system - INFO - [ACHUSDT] 当前RSI: 36.18, 价格: 0.02363
2025-07-18 16:14:55,837 - trading_system - INFO - [CRVUSDT] 当前RSI: 55.49, 价格: 1.0389
2025-07-18 16:14:55,876 - trading_system - INFO - [ONDOUSDT] 当前RSI: 34.32, 价格: 1.0538
2025-07-18 16:14:57,821 - trading_system - INFO - [ONDOUSDT] 当前RSI: 34.32, 价格: 1.0538
2025-07-18 16:14:57,894 - trading_system - INFO - [ACHUSDT] 当前RSI: 36.18, 价格: 0.02363
2025-07-18 16:14:57,931 - trading_system - INFO - [CRVUSDT] 当前RSI: 55.49, 价格: 1.0389
2025-07-18 16:14:59,804 - trading_system - INFO - [ACHUSDT] 当前RSI: 36.18, 价格: 0.02363
2025-07-18 16:14:59,850 - trading_system - INFO - [ONDOUSDT] 当前RSI: 34.32, 价格: 1.0538
2025-07-18 16:14:59,908 - trading_system - INFO - [CRVUSDT] 当前RSI: 55.49, 价格: 1.0389
2025-07-18 16:15:01,795 - trading_system - INFO - [ONDOUSDT] 当前RSI: 34.32, 价格: 1.0538
2025-07-18 16:15:01,814 - trading_system - INFO - [ACHUSDT] 当前RSI: 36.18, 价格: 0.02363
2025-07-18 16:15:01,828 - trading_system - INFO - [CRVUSDT] 当前RSI: 55.49, 价格: 1.0389
2025-07-18 16:15:29,107 - trading_system - ERROR - 设置杠杆失败: APIError(code=-2015): Invalid API-key, IP, or permissions for action
2025-07-18 16:15:29,199 - trading_system - ERROR - 设置杠杆失败: APIError(code=-2015): Invalid API-key, IP, or permissions for action
2025-07-18 16:15:29,290 - trading_system - ERROR - 设置杠杆失败: APIError(code=-2015): Invalid API-key, IP, or permissions for action
2025-07-18 16:15:29,290 - trading_system - INFO - 程序正在运行，按Ctrl+C退出...
2025-07-18 16:15:29,378 - trading_system - INFO - [CRVUSDT] 当前RSI: 54.93, 价格: 1.038
2025-07-18 16:15:29,491 - trading_system - INFO - [ONDOUSDT] 当前RSI: 37.53, 价格: 1.0558
2025-07-18 16:15:29,494 - trading_system - INFO - [ACHUSDT] 当前RSI: 42.14, 价格: 0.02368
2025-07-18 16:15:31,360 - trading_system - INFO - [ACHUSDT] 当前RSI: 43.05, 价格: 0.02369
2025-07-18 16:15:31,367 - trading_system - INFO - [ONDOUSDT] 当前RSI: 37.69, 价格: 1.0559
2025-07-18 16:15:31,493 - trading_system - INFO - [CRVUSDT] 当前RSI: 54.46, 价格: 1.0377
2025-07-18 16:15:33,420 - trading_system - INFO - [ONDOUSDT] 当前RSI: 37.38, 价格: 1.0557
2025-07-18 16:15:33,422 - trading_system - INFO - [CRVUSDT] 当前RSI: 54.08, 价格: 1.0375
2025-07-18 16:15:33,425 - trading_system - INFO - [ACHUSDT] 当前RSI: 43.05, 价格: 0.02369
2025-07-18 16:15:35,738 - trading_system - INFO - [ACHUSDT] 当前RSI: 43.05, 价格: 0.02369
2025-07-18 16:15:35,813 - trading_system - INFO - [ONDOUSDT] 当前RSI: 37.38, 价格: 1.0557
2025-07-18 16:15:36,122 - trading_system - INFO - [CRVUSDT] 当前RSI: 54.08, 价格: 1.0375
2025-07-18 16:15:37,495 - trading_system - INFO - [ACHUSDT] 当前RSI: 42.14, 价格: 0.02368
2025-07-18 16:15:37,563 - trading_system - INFO - [ONDOUSDT] 当前RSI: 37.06, 价格: 1.0555
2025-07-18 16:15:37,571 - trading_system - INFO - [CRVUSDT] 当前RSI: 54.46, 价格: 1.0377
2025-07-18 16:15:39,503 - trading_system - INFO - [ACHUSDT] 当前RSI: 42.14, 价格: 0.02368
2025-07-18 16:15:39,527 - trading_system - INFO - [ONDOUSDT] 当前RSI: 37.69, 价格: 1.0559
2025-07-18 16:15:39,565 - trading_system - INFO - [CRVUSDT] 当前RSI: 54.93, 价格: 1.038
2025-07-18 16:15:41,405 - trading_system - INFO - [ACHUSDT] 当前RSI: 42.14, 价格: 0.02368
2025-07-18 16:15:41,408 - trading_system - INFO - [ONDOUSDT] 当前RSI: 38.01, 价格: 1.0561
2025-07-18 16:15:41,420 - trading_system - INFO - [CRVUSDT] 当前RSI: 54.93, 价格: 1.038
2025-07-18 16:15:43,359 - trading_system - INFO - [ACHUSDT] 当前RSI: 42.14, 价格: 0.02368
2025-07-18 16:15:43,375 - trading_system - INFO - [ONDOUSDT] 当前RSI: 38.01, 价格: 1.0561
2025-07-18 16:15:43,422 - trading_system - INFO - [CRVUSDT] 当前RSI: 54.93, 价格: 1.038
2025-07-18 16:15:45,360 - trading_system - INFO - [ACHUSDT] 当前RSI: 42.14, 价格: 0.02368
2025-07-18 16:15:45,453 - trading_system - INFO - [ONDOUSDT] 当前RSI: 37.38, 价格: 1.0557
2025-07-18 16:15:45,721 - trading_system - INFO - [CRVUSDT] 当前RSI: 54.93, 价格: 1.038
2025-07-18 16:15:47,361 - trading_system - INFO - [ONDOUSDT] 当前RSI: 36.57, 价格: 1.0552
2025-07-18 16:15:47,368 - trading_system - INFO - [ACHUSDT] 当前RSI: 42.14, 价格: 0.02368
2025-07-18 16:15:47,426 - trading_system - INFO - [CRVUSDT] 当前RSI: 54.27, 价格: 1.0376
2025-07-18 16:15:49,360 - trading_system - INFO - [ACHUSDT] 当前RSI: 41.20, 价格: 0.02367
2025-07-18 16:15:49,373 - trading_system - INFO - [CRVUSDT] 当前RSI: 52.45, 价格: 1.0366
2025-07-18 16:15:49,438 - trading_system - INFO - [ONDOUSDT] 当前RSI: 36.73, 价格: 1.0553
2025-07-18 16:15:51,417 - trading_system - INFO - [ACHUSDT] 当前RSI: 41.20, 价格: 0.02367
2025-07-18 16:15:51,493 - trading_system - INFO - [CRVUSDT] 当前RSI: 52.45, 价格: 1.0366
2025-07-18 16:15:51,503 - trading_system - INFO - [ONDOUSDT] 当前RSI: 36.73, 价格: 1.0553
2025-07-18 16:15:53,362 - trading_system - INFO - [CRVUSDT] 当前RSI: 52.45, 价格: 1.0366
2025-07-18 16:15:53,424 - trading_system - INFO - [ACHUSDT] 当前RSI: 41.20, 价格: 0.02367
2025-07-18 16:15:53,453 - trading_system - INFO - [ONDOUSDT] 当前RSI: 36.73, 价格: 1.0553
2025-07-18 16:15:55,414 - trading_system - INFO - [CRVUSDT] 当前RSI: 53.34, 价格: 1.0371
2025-07-18 16:15:55,425 - trading_system - INFO - [ONDOUSDT] 当前RSI: 36.90, 价格: 1.0554
2025-07-18 16:15:55,445 - trading_system - INFO - [ACHUSDT] 当前RSI: 41.20, 价格: 0.02367
2025-07-18 16:15:57,361 - trading_system - INFO - [ACHUSDT] 当前RSI: 41.20, 价格: 0.02367
2025-07-18 16:15:57,388 - trading_system - INFO - [ONDOUSDT] 当前RSI: 36.90, 价格: 1.0554
2025-07-18 16:15:57,423 - trading_system - INFO - [CRVUSDT] 当前RSI: 53.53, 价格: 1.0372
2025-07-18 16:15:59,358 - trading_system - INFO - [ACHUSDT] 当前RSI: 41.20, 价格: 0.02367
2025-07-18 16:15:59,480 - trading_system - INFO - [ONDOUSDT] 当前RSI: 37.06, 价格: 1.0555
2025-07-18 16:15:59,492 - trading_system - INFO - [CRVUSDT] 当前RSI: 53.53, 价格: 1.0372
2025-07-18 16:16:00,812 - trading_system - INFO - 程序已退出
